                                     G D M A
                                 by Anthony Stone

               Distributed Multipoles from Gaussian wavefunctions

                             version 2.3.3 (6b8e81e)
              Compiled with gfortran on 29 May 2025 at 12:54:22

Starting at 11:26:18 on 30 Jul 2025 


Using SCF density matrix from file B2N2C4COT-T1.fchk


                         Distributed Multipole Analysis

Standard DMA for products of primitives with exponent greater than 4.00000
Using 80-point Euler-MacLaurin radial quadrature
Using 590-point Lebedev quadrature
Becke smoothing parameter = 3

Positions and radii in angstrom
Multipole moments in atomic units, ea_0^k for rank k

C          x =  0.034054  y =  1.822812  z =  0.000000 angstrom
           Maximum rank =  2   Radius =  0.650 angstrom
                   Q00  =   0.115691
|Q1| =   0.323425  Q11c =   0.072361  Q11s =  -0.315227
|Q2| =   1.095425  Q20  =  -1.048467  Q22c =  -0.316552  Q22s =   0.021645

C          x = -1.363511  y = -1.374594  z =  0.000000 angstrom
           Maximum rank =  2   Radius =  0.650 angstrom
                   Q00  =   0.160756
|Q1| =   0.313359  Q11c =   0.152449  Q11s =   0.273776
|Q2| =   1.032104  Q20  =  -1.001658  Q22c =   0.028068  Q22s =   0.247247

C          x = -0.034054  y = -1.822812  z =  0.000000 angstrom
           Maximum rank =  2   Radius =  0.650 angstrom
                   Q00  =   0.115691
|Q1| =   0.323425  Q11c =  -0.072361  Q11s =   0.315227
|Q2| =   1.095425  Q20  =  -1.048467  Q22c =  -0.316552  Q22s =   0.021645

C          x =  1.363511  y =  1.374594  z =  0.000000 angstrom
           Maximum rank =  2   Radius =  0.650 angstrom
                   Q00  =   0.160756
|Q1| =   0.313359  Q11c =  -0.152449  Q11s =  -0.273776
|Q2| =   1.032104  Q20  =  -1.001658  Q22c =   0.028068  Q22s =   0.247247

H          x = -2.142396  y = -2.130727  z =  0.000000 angstrom
           Maximum rank =  2   Radius =  0.350 angstrom
                   Q00  =   0.040478
|Q1| =   0.116499  Q11c =   0.083193  Q11s =   0.081554
|Q2| =   0.191670  Q20  =  -0.160008  Q22c =   0.001347  Q22s =   0.105513

H          x = -2.863479  y = -0.122721  z =  0.000000 angstrom
           Maximum rank =  2   Radius =  0.350 angstrom
                   Q00  =   0.142313
|Q1| =   0.066305  Q11c =   0.066175  Q11s =  -0.004144
|Q2| =   0.167042  Q20  =  -0.120452  Q22c =   0.114787  Q22s =   0.014778

H          x = -2.266719  y =  2.040151  z =  0.000000 angstrom
           Maximum rank =  2   Radius =  0.350 angstrom
                   Q00  =  -0.077074
|Q1| =   0.208574  Q11c =   0.155435  Q11s =  -0.139079
|Q2| =   0.215833  Q20  =  -0.189012  Q22c =   0.013920  Q22s =  -0.103271

H          x =  0.014359  y =  2.912339  z =  0.000000 angstrom
           Maximum rank =  2   Radius =  0.350 angstrom
                   Q00  =   0.039128
|Q1| =   0.125374  Q11c =   0.003550  Q11s =  -0.125324
|Q2| =   0.187502  Q20  =  -0.150911  Q22c =  -0.111245  Q22s =  -0.002745

H          x =  2.142396  y =  2.130727  z =  0.000000 angstrom
           Maximum rank =  2   Radius =  0.350 angstrom
                   Q00  =   0.040478
|Q1| =   0.116499  Q11c =  -0.083193  Q11s =  -0.081554
|Q2| =   0.191670  Q20  =  -0.160008  Q22c =   0.001347  Q22s =   0.105513

H          x =  2.863479  y =  0.122721  z =  0.000000 angstrom
           Maximum rank =  2   Radius =  0.350 angstrom
                   Q00  =   0.142313
|Q1| =   0.066305  Q11c =  -0.066175  Q11s =   0.004144
|Q2| =   0.167042  Q20  =  -0.120452  Q22c =   0.114787  Q22s =   0.014778

H          x =  2.266719  y = -2.040151  z =  0.000000 angstrom
           Maximum rank =  2   Radius =  0.350 angstrom
                   Q00  =  -0.077074
|Q1| =   0.208574  Q11c =  -0.155435  Q11s =   0.139079
|Q2| =   0.215833  Q20  =  -0.189012  Q22c =   0.013920  Q22s =  -0.103271

H          x = -0.014359  y = -2.912339  z =  0.000000 angstrom
           Maximum rank =  2   Radius =  0.350 angstrom
                   Q00  =   0.039128
|Q1| =   0.125374  Q11c =  -0.003550  Q11s =   0.125324
|Q2| =   0.187502  Q20  =  -0.150911  Q22c =  -0.111245  Q22s =  -0.002745

B          x = -1.363511  y =  1.256230  z =  0.000000 angstrom
           Maximum rank =  2   Radius =  0.650 angstrom
                   Q00  =   0.242733
|Q1| =   0.464939  Q11c =   0.279358  Q11s =  -0.371656
|Q2| =   0.774101  Q20  =  -0.731336  Q22c =   0.046931  Q22s =  -0.249353

N          x = -1.850868  y = -0.110623  z =  0.000000 angstrom
           Maximum rank =  2   Radius =  0.650 angstrom
                   Q00  =   0.021012
|Q1| =   0.216688  Q11c =   0.209837  Q11s =  -0.054058
|Q2| =   1.198518  Q20  =  -1.161775  Q22c =   0.292299  Q22s =   0.035859

N          x =  1.850868  y =  0.110623  z =  0.000000 angstrom
           Maximum rank =  2   Radius =  0.650 angstrom
                   Q00  =   0.021012
|Q1| =   0.216688  Q11c =  -0.209837  Q11s =   0.054058
|Q2| =   1.198518  Q20  =  -1.161775  Q22c =   0.292299  Q22s =   0.035859

B          x =  1.363511  y = -1.256230  z =  0.000000 angstrom
           Maximum rank =  2   Radius =  0.650 angstrom
                   Q00  =   0.242733
|Q1| =   0.464939  Q11c =  -0.279358  Q11s =   0.371656
|Q2| =   0.774101  Q20  =  -0.731336  Q22c =   0.046931  Q22s =  -0.249353

Ac         x =  0.000000  y =  0.000000  z =  0.000000 angstrom
           Maximum rank =  2   Radius =  0.650 angstrom
                   Q00  =  -0.554766
|Q1| =   0.000000
|Q2| =   0.601187  Q20  =   0.598945  Q22c =   0.050866  Q22s =   0.010148

A1         x =  0.000000  y =  0.000000  z =  1.000000 angstrom
           Maximum rank =  2   Radius =  0.650 angstrom
                   Q00  =  -0.407658
|Q1| =   0.050204  Q10  =  -0.050204
|Q2| =   0.648180  Q20  =   0.636942  Q22c =   0.098677  Q22s =   0.068598

A-1        x =  0.000000  y =  0.000000  z = -1.000000 angstrom
           Maximum rank =  2   Radius =  0.650 angstrom
                   Q00  =  -0.407658
|Q1| =   0.050204  Q10  =   0.050204
|Q2| =   0.648180  Q20  =   0.636942  Q22c =   0.098677  Q22s =   0.068598

Total multipoles referred to origin at
           x =   0.000000,  y =    0.000000,  z =    0.000000 angstrom
                   Q00  =  -0.000005
|Q1| =   0.000000
|Q2| =  14.911188  Q20  =  -6.580341  Q22c =   7.074171  Q22s =  11.357762

CPU time used:      0m17.722s          Total:      0m17.722s

Finished at 11:26:36 on 30 Jul 2025 
