                                     G D M A
                                 by Anthony Stone

               Distributed Multipoles from Gaussian wavefunctions

                             version 2.3.3 (6b8e81e)
              Compiled with gfortran on 29 May 2025 at 12:54:22

Starting at 14:31:30 on 31 Jul 2025 


Using SCF density matrix from file B2N2C4COT-E-T1.fchk


                         Distributed Multipole Analysis

Standard DMA for products of primitives with exponent greater than 4.00000
Using 80-point Euler-MacLaurin radial quadrature
Using 590-point Lebedev quadrature
Becke smoothing parameter = 3

Positions and radii in angstrom
Multipole moments in atomic units, ea_0^k for rank k

C          x =  1.662541  y =  0.780012  z =  0.000000 angstrom
           Maximum rank =  2   Radius =  0.650 angstrom
                   Q00  =   0.121830
|Q1| =   0.329618  Q11c =  -0.321862  Q11s =  -0.071085
|Q2| =   1.060616  Q20  =  -1.008824  Q22c =   0.216348  Q22s =   0.245715

C          x =  0.687506  y =  1.830158  z =  0.000000 angstrom
           Maximum rank =  2   Radius =  0.650 angstrom
                   Q00  =   0.117856
|Q1| =   0.283715  Q11c =  -0.102015  Q11s =  -0.264739
|Q2| =   1.048756  Q20  =  -1.011899  Q22c =  -0.190256  Q22s =   0.199379

H          x =  2.672219  y =  1.190154  z =  0.000000 angstrom
           Maximum rank =  2   Radius =  0.350 angstrom
                   Q00  =   0.032342
|Q1| =   0.128148  Q11c =  -0.119542  Q11s =  -0.046169
|Q2| =   0.187560  Q20  =  -0.151640  Q22c =   0.076590  Q22s =   0.079486

H          x =  2.775091  y = -1.252370  z =  0.000000 angstrom
           Maximum rank =  2   Radius =  0.350 angstrom
                   Q00  =  -0.067326
|Q1| =   0.203932  Q11c =  -0.185032  Q11s =   0.085740
|Q2| =   0.199248  Q20  =  -0.171923  Q22c =   0.062893  Q22s =  -0.078656

H          x =  1.032944  y = -2.679406  z =  0.000000 angstrom
           Maximum rank =  2   Radius =  0.350 angstrom
                   Q00  =   0.142928
|Q1| =   0.061576  Q11c =  -0.028489  Q11s =   0.054589
|Q2| =   0.171370  Q20  =  -0.129988  Q22c =  -0.093442  Q22s =  -0.061151

H          x = -1.032944  y = -2.679406  z =  0.000000 angstrom
           Maximum rank =  2   Radius =  0.350 angstrom
                   Q00  =   0.142928
|Q1| =   0.061576  Q11c =   0.028489  Q11s =   0.054589
|Q2| =   0.171370  Q20  =  -0.129988  Q22c =  -0.093442  Q22s =   0.061151

H          x = -2.775091  y = -1.252370  z =  0.000000 angstrom
           Maximum rank =  2   Radius =  0.350 angstrom
                   Q00  =  -0.067326
|Q1| =   0.203932  Q11c =   0.185032  Q11s =   0.085740
|Q2| =   0.199248  Q20  =  -0.171923  Q22c =   0.062893  Q22s =   0.078656

H          x = -2.672219  y =  1.190154  z =  0.000000 angstrom
           Maximum rank =  2   Radius =  0.350 angstrom
                   Q00  =   0.032342
|Q1| =   0.128148  Q11c =   0.119542  Q11s =  -0.046169
|Q2| =   0.187560  Q20  =  -0.151640  Q22c =   0.076590  Q22s =  -0.079486

H          x = -1.119013  y =  2.829049  z =  0.000000 angstrom
           Maximum rank =  2   Radius =  0.350 angstrom
                   Q00  =   0.034073
|Q1| =   0.124198  Q11c =   0.049042  Q11s =  -0.114105
|Q2| =   0.186888  Q20  =  -0.152467  Q22c =  -0.072359  Q22s =  -0.080281

H          x =  1.119013  y =  2.829049  z =  0.000000 angstrom
           Maximum rank =  2   Radius =  0.350 angstrom
                   Q00  =   0.034073
|Q1| =   0.124198  Q11c =  -0.049042  Q11s =  -0.114105
|Q2| =   0.186888  Q20  =  -0.152467  Q22c =  -0.072359  Q22s =   0.080281

C          x = -0.687506  y =  1.830158  z =  0.000000 angstrom
           Maximum rank =  2   Radius =  0.650 angstrom
                   Q00  =   0.117856
|Q1| =   0.283715  Q11c =   0.102015  Q11s =  -0.264739
|Q2| =   1.048756  Q20  =  -1.011899  Q22c =  -0.190256  Q22s =  -0.199379

C          x = -1.662541  y =  0.780012  z =  0.000000 angstrom
           Maximum rank =  2   Radius =  0.650 angstrom
                   Q00  =   0.121830
|Q1| =   0.329618  Q11c =   0.321862  Q11s =  -0.071085
|Q2| =   1.060616  Q20  =  -1.008824  Q22c =   0.216348  Q22s =  -0.245715

B          x =  1.700239  y = -0.724873  z =  0.000000 angstrom
           Maximum rank =  2   Radius =  0.650 angstrom
                   Q00  =   0.262047
|Q1| =   0.441187  Q11c =  -0.430781  Q11s =   0.095256
|Q2| =   0.677245  Q20  =  -0.627706  Q22c =   0.137384  Q22s =  -0.213943

B          x = -1.700239  y = -0.724873  z =  0.000000 angstrom
           Maximum rank =  2   Radius =  0.650 angstrom
                   Q00  =   0.262047
|Q1| =   0.441187  Q11c =   0.430781  Q11s =   0.095256
|Q2| =   0.677245  Q20  =  -0.627706  Q22c =   0.137384  Q22s =   0.213943

N          x =  0.683644  y = -1.732011  z =  0.000000 angstrom
           Maximum rank =  2   Radius =  0.650 angstrom
                   Q00  =   0.034222
|Q1| =   0.245246  Q11c =  -0.193624  Q11s =   0.150517
|Q2| =   1.243858  Q20  =  -1.208713  Q22c =  -0.261108  Q22s =  -0.134232

N          x = -0.683644  y = -1.732011  z =  0.000000 angstrom
           Maximum rank =  2   Radius =  0.650 angstrom
                   Q00  =   0.034222
|Q1| =   0.245246  Q11c =   0.193624  Q11s =   0.150517
|Q2| =   1.243858  Q20  =  -1.208713  Q22c =  -0.261108  Q22s =   0.134232

Ac         x =  0.000000  y =  0.038321  z =  0.000000 angstrom
           Maximum rank =  2   Radius =  0.650 angstrom
                   Q00  =  -0.549589
|Q1| =   0.032601  Q11s =  -0.032601
|Q2| =   0.601601  Q20  =   0.600147  Q22c =  -0.041802

A1         x =  0.000000  y =  0.038321  z =  1.000000 angstrom
           Maximum rank =  2   Radius =  0.650 angstrom
                   Q00  =  -0.403176
|Q1| =   0.060532  Q10  =  -0.046680  Q11s =  -0.038537
|Q2| =   0.644192  Q20  =   0.637721  Q21s =  -0.034036  Q22c =  -0.084475

A-1        x =  0.000000  y =  0.038321  z = -1.000000 angstrom
           Maximum rank =  2   Radius =  0.650 angstrom
                   Q00  =  -0.403176
|Q1| =   0.060532  Q10  =   0.046680  Q11s =  -0.038537
|Q2| =   0.644192  Q20  =   0.637721  Q21s =   0.034036  Q22c =  -0.084475

Total multipoles referred to origin at
           x =   0.000000,  y =    0.000000,  z =    0.000000 angstrom
                   Q00  =   0.000001
|Q1| =   0.814343  Q11s =  -0.814343
|Q2| =  13.276088  Q20  =  -6.366917  Q22c = -11.649759

CPU time used:      0m48.634s          Total:      0m48.634s

Finished at 14:32:18 on 31 Jul 2025 
