                                     G D M A
                                 by Anthony Stone

               Distributed Multipoles from Gaussian wavefunctions

                             version 2.3.3 (6b8e81e)
              Compiled with gfortran on 29 May 2025 at 12:54:22

Starting at 13:20:01 on 30 Jul 2025 


Using SCF density matrix from file B2N2C4COT-D-S0.fchk


                         Distributed Multipole Analysis

Standard DMA for products of primitives with exponent greater than 4.00000
Using 80-point Euler-MacLaurin radial quadrature
Using 590-point Lebedev quadrature
Becke smoothing parameter = 3

Positions and radii in angstrom
Multipole moments in atomic units, ea_0^k for rank k

C          x =  1.679161  y = -0.602091  z =  0.155762 angstrom
           Maximum rank =  2   Radius =  0.650 angstrom
                   Q00  =   0.219341
|Q1| =   0.411641  Q10  =  -0.112056  Q11c =  -0.310208  Q11s =   0.246298
|Q2| =   0.916985  Q20  =  -0.628551  Q21c =   0.117724  Q21s =   0.498915
                   Q22c =   0.401666  Q22s =  -0.147225

C          x =  0.717520  y = -1.481259  z = -0.155762 angstrom
           Maximum rank =  2   Radius =  0.650 angstrom
                   Q00  =   0.198380
|Q1| =   0.487568  Q10  =  -0.134048  Q11c =  -0.189274  Q11s =   0.428870
|Q2| =   0.922898  Q20  =  -0.770280  Q21c =  -0.179491  Q21s =   0.402900
                   Q22c =  -0.213535  Q22s =  -0.135158

H          x =  2.708228  y = -0.857446  z = -0.085976 angstrom
           Maximum rank =  2   Radius =  0.350 angstrom
                   Q00  =   0.049197
|Q1| =   0.119679  Q10  =   0.015238  Q11c =  -0.113604  Q11s =   0.034425
|Q2| =   0.176506  Q20  =  -0.105434  Q21c =  -0.050138  Q21s =   0.065198
                   Q22c =   0.106137  Q22s =  -0.044816

H          x =  2.247756  y =  0.777552  z =  1.530091 angstrom
           Maximum rank =  2   Radius =  0.350 angstrom
                   Q00  =   0.134613
|Q1| =   0.071818  Q10  =  -0.041762  Q11c =  -0.055005  Q11s =  -0.019703
|Q2| =   0.167050  Q20  =   0.009580  Q21c =   0.148013  Q21s =   0.055116
                   Q22c =   0.053480  Q22s =   0.002844

H          x =  0.611876  y =  2.536191  z =  1.408779 angstrom
           Maximum rank =  2   Radius =  0.350 angstrom
                   Q00  =  -0.062679
|Q1| =   0.204577  Q10  =  -0.116232  Q11c =  -0.016426  Q11s =  -0.167546
|Q2| =   0.181847  Q20  =   0.004241  Q21c =   0.043027  Q21s =   0.153589
                   Q22c =  -0.084769  Q22s =  -0.020577

H          x = -0.611876  y =  2.536191  z = -1.408779 angstrom
           Maximum rank =  2   Radius =  0.350 angstrom
                   Q00  =  -0.062679
|Q1| =   0.204577  Q10  =   0.116232  Q11c =   0.016426  Q11s =  -0.167546
|Q2| =   0.181847  Q20  =   0.004241  Q21c =   0.043027  Q21s =  -0.153589
                   Q22c =  -0.084769  Q22s =   0.020577

H          x = -2.247756  y =  0.777552  z = -1.530091 angstrom
           Maximum rank =  2   Radius =  0.350 angstrom
                   Q00  =   0.134613
|Q1| =   0.071818  Q10  =   0.041762  Q11c =   0.055005  Q11s =  -0.019703
|Q2| =   0.167050  Q20  =   0.009580  Q21c =   0.148013  Q21s =  -0.055116
                   Q22c =   0.053480  Q22s =  -0.002844

H          x = -2.708228  y = -0.857446  z =  0.085976 angstrom
           Maximum rank =  2   Radius =  0.350 angstrom
                   Q00  =   0.049197
|Q1| =   0.119679  Q10  =  -0.015238  Q11c =   0.113604  Q11s =   0.034425
|Q2| =   0.176506  Q20  =  -0.105434  Q21c =  -0.050138  Q21s =  -0.065198
                   Q22c =   0.106137  Q22s =   0.044816

H          x = -1.066838  y = -2.391437  z =  0.639655 angstrom
           Maximum rank =  2   Radius =  0.350 angstrom
                   Q00  =   0.051659
|Q1| =   0.124660  Q10  =  -0.042073  Q11c =   0.044130  Q11s =   0.108732
|Q2| =   0.175533  Q20  =  -0.084069  Q21c =  -0.045954  Q21s =  -0.125459
                   Q22c =  -0.059163  Q22s =   0.048912

H          x =  1.066838  y = -2.391437  z = -0.639655 angstrom
           Maximum rank =  2   Radius =  0.350 angstrom
                   Q00  =   0.051659
|Q1| =   0.124660  Q10  =   0.042073  Q11c =  -0.044130  Q11s =   0.108732
|Q2| =   0.175533  Q20  =  -0.084069  Q21c =  -0.045954  Q21s =   0.125459
                   Q22c =  -0.059163  Q22s =  -0.048912

B          x =  0.555394  y =  1.617228  z =  0.638255 angstrom
           Maximum rank =  2   Radius =  0.650 angstrom
                   Q00  =   0.310803
|Q1| =   0.484706  Q10  =  -0.007520  Q11c =  -0.091024  Q11s =  -0.476023
|Q2| =   0.503289  Q20  =  -0.229122  Q21c =   0.102814  Q21s =   0.225315
                   Q22c =  -0.276494  Q22s =   0.251030

N          x =  1.523963  y =  0.621299  z =  0.839242 angstrom
           Maximum rank =  2   Radius =  0.650 angstrom
                   Q00  =  -0.029130
|Q1| =   0.306143  Q10  =  -0.030395  Q11c =  -0.241784  Q11s =  -0.185312
|Q2| =   1.222975  Q20  =  -0.398781  Q21c =   0.936452  Q21s =   0.579921
                   Q22c =   0.208648  Q22s =  -0.282590

C          x = -0.717520  y = -1.481259  z =  0.155762 angstrom
           Maximum rank =  2   Radius =  0.650 angstrom
                   Q00  =   0.198380
|Q1| =   0.487568  Q10  =   0.134048  Q11c =   0.189274  Q11s =   0.428870
|Q2| =   0.922898  Q20  =  -0.770280  Q21c =  -0.179491  Q21s =  -0.402900
                   Q22c =  -0.213535  Q22s =   0.135158

C          x = -1.679161  y = -0.602091  z = -0.155762 angstrom
           Maximum rank =  2   Radius =  0.650 angstrom
                   Q00  =   0.219341
|Q1| =   0.411641  Q10  =   0.112056  Q11c =   0.310208  Q11s =   0.246298
|Q2| =   0.916985  Q20  =  -0.628551  Q21c =   0.117724  Q21s =  -0.498915
                   Q22c =   0.401666  Q22s =   0.147225

B          x = -0.555394  y =  1.617228  z = -0.638255 angstrom
           Maximum rank =  2   Radius =  0.650 angstrom
                   Q00  =   0.310803
|Q1| =   0.484706  Q10  =   0.007520  Q11c =   0.091024  Q11s =  -0.476023
|Q2| =   0.503289  Q20  =  -0.229122  Q21c =   0.102814  Q21s =  -0.225315
                   Q22c =  -0.276494  Q22s =  -0.251030

N          x = -1.523963  y =  0.621299  z = -0.839242 angstrom
           Maximum rank =  2   Radius =  0.650 angstrom
                   Q00  =  -0.029130
|Q1| =   0.306143  Q10  =   0.030395  Q11c =   0.241784  Q11s =  -0.185312
|Q2| =   1.222975  Q20  =  -0.398781  Q21c =   0.936452  Q21s =  -0.579921
                   Q22c =   0.208648  Q22s =   0.282590

Ac         x =  0.000000  y =  0.038794  z =  0.000000 angstrom
           Maximum rank =  2   Radius =  0.650 angstrom
                   Q00  =  -0.653897
|Q1| =   0.000602  Q11s =   0.000602
|Q2| =   0.609855  Q20  =   0.524719  Q21c =  -0.300848  Q22c =   0.077996

A1         x = -0.313858  y =  0.038794  z =  0.949470 angstrom
           Maximum rank =  2   Radius =  0.650 angstrom
                   Q00  =  -0.545237
|Q1| =   0.123420  Q10  =  -0.094001  Q11c =   0.058833  Q11s =   0.054174
|Q2| =   0.569198  Q20  =   0.492211  Q21c =  -0.270029  Q21s =  -0.000690
                   Q22c =   0.004523  Q22s =  -0.093688

A-1        x =  0.313858  y =  0.038794  z = -0.949470 angstrom
           Maximum rank =  2   Radius =  0.650 angstrom
                   Q00  =  -0.545237
|Q1| =   0.123420  Q10  =   0.094001  Q11c =  -0.058833  Q11s =   0.054174
|Q2| =   0.569198  Q20  =   0.492211  Q21c =  -0.270029  Q21s =   0.000690
                   Q22c =   0.004523  Q22s =   0.093688

Total multipoles referred to origin at
           x =   0.000000,  y =    0.000000,  z =    0.000000 angstrom
                   Q00  =  -0.000004
|Q1| =   0.689429  Q11s =  -0.689429
|Q2| =  10.087927  Q20  =  -2.891373  Q21c =   4.697540  Q22c =   8.446263

CPU time used:      0m50.950s          Total:      0m50.950s

Finished at 13:20:53 on 30 Jul 2025 
