                                     G D M A
                                 by Anthony Stone

               Distributed Multipoles from Gaussian wavefunctions

                             version 2.3.3 (6b8e81e)
              Compiled with gfortran on 29 May 2025 at 12:54:22

Starting at 12:51:09 on 30 Jul 2025 


Using SCF density matrix from file B2N2C4COT-C-S0.fchk


                         Distributed Multipole Analysis

Standard DMA for products of primitives with exponent greater than 4.00000
Using 80-point Euler-MacLaurin radial quadrature
Using 590-point Lebedev quadrature
Becke smoothing parameter = 3

Positions and radii in angstrom
Multipole moments in atomic units, ea_0^k for rank k

C          x =  1.696313  y =  0.673219  z =  0.360141 angstrom
           Maximum rank =  2   Radius =  0.650 angstrom
                   Q00  =   0.110697
|Q1| =   0.385582  Q10  =   0.078701  Q11c =  -0.342901  Q11s =  -0.157794
|Q2| =   0.953647  Q20  =  -0.668779  Q21c =   0.572091  Q21s =  -0.016334
                   Q22c =   0.078915  Q22s =   0.358320

C          x = -1.529429  y =  0.666546  z =  0.387023 angstrom
           Maximum rank =  2   Radius =  0.650 angstrom
                   Q00  =   0.226461
|Q1| =   0.460832  Q10  =   0.027965  Q11c =   0.453380  Q11s =  -0.077660
|Q2| =   0.898940  Q20  =  -0.505018  Q21c =  -0.658821  Q21s =  -0.080694
                   Q22c =  -0.064680  Q22s =  -0.329104

C          x = -1.529102  y = -0.667298  z =  0.386964 angstrom
           Maximum rank =  2   Radius =  0.650 angstrom
                   Q00  =   0.226460
|Q1| =   0.460834  Q10  =   0.027964  Q11c =   0.453344  Q11s =   0.077881
|Q2| =   0.898958  Q20  =  -0.505016  Q21c =  -0.658854  Q21s =   0.080445
                   Q22c =  -0.065008  Q22s =   0.329089

C          x =  1.696638  y = -0.672402  z =  0.360227 angstrom
           Maximum rank =  2   Radius =  0.650 angstrom
                   Q00  =   0.110696
|Q1| =   0.385586  Q10  =   0.078688  Q11c =  -0.342977  Q11s =   0.157644
|Q2| =   0.953612  Q20  =  -0.668725  Q21c =   0.572121  Q21s =   0.016505
                   Q22c =   0.079277  Q22s =  -0.358194

H          x = -2.280183  y =  1.165005  z =  0.994486 angstrom
           Maximum rank =  2   Radius =  0.350 angstrom
                   Q00  =   0.053831
|Q1| =   0.119495  Q10  =  -0.053773  Q11c =   0.093399  Q11s =  -0.051615
|Q2| =   0.175196  Q20  =  -0.041101  Q21c =  -0.144315  Q21s =   0.051232
                   Q22c =   0.003667  Q22s =  -0.074429

H          x = -1.199065  y =  2.268719  z = -0.808816 angstrom
           Maximum rank =  2   Radius =  0.350 angstrom
                   Q00  =   0.139390
|Q1| =   0.071484  Q10  =   0.024949  Q11c =   0.029656  Q11s =  -0.060067
|Q2| =   0.165275  Q20  =  -0.057378  Q21c =   0.044923  Q21s =  -0.114505
                   Q22c =  -0.013335  Q22s =  -0.093360

H          x =  1.148557  y =  2.519173  z = -1.057053 angstrom
           Maximum rank =  2   Radius =  0.350 angstrom
                   Q00  =  -0.058514
|Q1| =   0.200283  Q10  =   0.095113  Q11c =  -0.074692  Q11s =  -0.159649
|Q2| =   0.183418  Q20  =  -0.044471  Q21c =  -0.046300  Q21s =  -0.152622
                   Q22c =  -0.033355  Q22s =   0.071517

H          x =  2.529366  y =  1.174182  z =  0.860456 angstrom
           Maximum rank =  2   Radius =  0.350 angstrom
                   Q00  =   0.034104
|Q1| =   0.132362  Q10  =  -0.050935  Q11c =  -0.104403  Q11s =  -0.063445
|Q2| =   0.175313  Q20  =  -0.064150  Q21c =   0.129949  Q21s =   0.042515
                   Q22c =   0.029715  Q22s =   0.083919

H          x =  2.529932  y = -1.172897  z =  0.860607 angstrom
           Maximum rank =  2   Radius =  0.350 angstrom
                   Q00  =   0.034102
|Q1| =   0.132362  Q10  =  -0.050942  Q11c =  -0.104432  Q11s =   0.063391
|Q2| =   0.175314  Q20  =  -0.064136  Q21c =   0.129982  Q21s =  -0.042461
                   Q22c =   0.029802  Q22s =  -0.083877

H          x =  1.149855  y = -2.518685  z = -1.056909 angstrom
           Maximum rank =  2   Radius =  0.350 angstrom
                   Q00  =  -0.058514
|Q1| =   0.200281  Q10  =   0.095100  Q11c =  -0.074771  Q11s =   0.159617
|Q2| =   0.183421  Q20  =  -0.044486  Q21c =  -0.046363  Q21s =   0.152594
                   Q22c =  -0.033289  Q22s =  -0.071566

H          x = -1.197904  y = -2.269256  z = -0.808930 angstrom
           Maximum rank =  2   Radius =  0.350 angstrom
                   Q00  =   0.139389
|Q1| =   0.071485  Q10  =   0.024954  Q11c =   0.029627  Q11s =   0.060081
|Q2| =   0.165273  Q20  =  -0.057371  Q21c =   0.044871  Q21s =   0.114531
                   Q22c =  -0.013427  Q22s =   0.093341

H          x = -2.279604  y = -1.166183  z =  0.994390 angstrom
           Maximum rank =  2   Radius =  0.350 angstrom
                   Q00  =   0.053831
|Q1| =   0.119496  Q10  =  -0.053769  Q11c =   0.093375  Q11s =   0.051665
|Q2| =   0.175196  Q20  =  -0.041109  Q21c =  -0.144283  Q21s =  -0.051300
                   Q22c =   0.003588  Q22s =   0.074442

B          x =  0.716603  y =  1.611742  z = -0.405315 angstrom
           Maximum rank =  2   Radius =  0.650 angstrom
                   Q00  =   0.346850
|Q1| =   0.474795  Q10  =   0.012874  Q11c =  -0.221528  Q11s =  -0.419750
|Q2| =   0.462705  Q20  =  -0.265383  Q21c =   0.040590  Q21s =  -0.135995
                   Q22c =  -0.228078  Q22s =   0.267406

N          x = -0.684504  y =  1.528264  z = -0.349354 angstrom
           Maximum rank =  2   Radius =  0.650 angstrom
                   Q00  =   0.020262
|Q1| =   0.362891  Q10  =  -0.051369  Q11c =   0.072059  Q11s =  -0.351936
|Q2| =   1.168608  Q20  =  -0.738050  Q21c =  -0.069077  Q21s =  -0.794737
                   Q22c =   0.074013  Q22s =  -0.423165

N          x = -0.683727  y = -1.528547  z = -0.349447 angstrom
           Maximum rank =  2   Radius =  0.650 angstrom
                   Q00  =   0.020297
|Q1| =   0.362911  Q10  =  -0.051346  Q11c =   0.071915  Q11s =   0.351989
|Q2| =   1.168542  Q20  =  -0.738014  Q21c =  -0.069346  Q21s =   0.794683
                   Q22c =   0.073581  Q22s =   0.423182

B          x =  0.717426  y = -1.611436  z = -0.405234 angstrom
           Maximum rank =  2   Radius =  0.650 angstrom
                   Q00  =   0.346837
|Q1| =   0.474766  Q10  =   0.012863  Q11c =  -0.221720  Q11s =   0.419615
|Q2| =   0.462710  Q20  =  -0.265384  Q21c =   0.040561  Q21s =   0.136004
                   Q22c =  -0.227806  Q22s =  -0.267647

Ac         x =  0.050027  y =  0.000011  z = -0.001874 angstrom
           Maximum rank =  2   Radius =  0.650 angstrom
                   Q00  =  -0.648502
|Q1| =   0.015016  Q10  =  -0.004400  Q11c =  -0.014357  Q11s =  -0.000001
|Q2| =   0.607479  Q20  =   0.606902  Q21c =  -0.012012  Q21s =  -0.000003
                   Q22c =  -0.023584  Q22s =  -0.000011

A1         x =  0.055710  y =  0.000014  z =  0.998109 angstrom
           Maximum rank =  2   Radius =  0.650 angstrom
                   Q00  =  -0.568537
|Q1| =   0.115167  Q10  =  -0.115089  Q11c =  -0.004244  Q11s =   0.000004
|Q2| =   0.608647  Q20  =   0.588977  Q21c =   0.025092  Q21s =   0.000014
                   Q22c =  -0.151415  Q22s =  -0.000079

A-1        x =  0.044345  y =  0.000008  z = -1.001858 angstrom
           Maximum rank =  2   Radius =  0.650 angstrom
                   Q00  =  -0.529140
|Q1| =   0.103666  Q10  =   0.091565  Q11c =   0.048606  Q11s =   0.000033
|Q2| =   0.569350  Q20  =   0.565615  Q21c =   0.025517  Q21s =   0.000003
                   Q22c =   0.059898  Q22s =   0.000027

Total multipoles referred to origin at
           x =   0.000000,  y =    0.000000,  z =    0.000000 angstrom
                   Q00  =   0.000002
|Q1| =   1.067423  Q10  =   0.115579  Q11c =  -1.061147  Q11s =  -0.000281
|Q2| =   3.906543  Q20  =  -3.352603  Q21c =   2.002592  Q21s =   0.000647
                   Q22c =  -0.103691  Q22s =   0.000009

CPU time used:      0m50.056s          Total:      0m50.056s

Finished at 12:51:59 on 30 Jul 2025 
