                                     G D M A
                                 by Anthony Stone

               Distributed Multipoles from Gaussian wavefunctions

                             version 2.3.3 (6b8e81e)
              Compiled with gfortran on 29 May 2025 at 12:54:22

Starting at 14:53:57 on 31 Jul 2025 


Using SCF density matrix from file B2N2C4COT-F-S0.fchk


                         Distributed Multipole Analysis

Standard DMA for products of primitives with exponent greater than 4.00000
Using 80-point Euler-MacLaurin radial quadrature
Using 590-point Lebedev quadrature
Becke smoothing parameter = 3

Positions and radii in angstrom
Multipole moments in atomic units, ea_0^k for rank k

C          x =  1.516444  y = -0.739658  z = -0.366877 angstrom
           Maximum rank =  2   Radius =  0.650 angstrom
                   Q00  =   0.271518
|Q1| =   0.456160  Q10  =  -0.088979  Q11c =  -0.441412  Q11s =   0.072940
|Q2| =   0.694647  Q20  =  -0.435979  Q21c =  -0.392185  Q21s =   0.264112
                   Q22c =   0.212480  Q22s =  -0.154096

C          x = -1.516444  y =  0.739658  z = -0.366877 angstrom
           Maximum rank =  2   Radius =  0.650 angstrom
                   Q00  =   0.271518
|Q1| =   0.456160  Q10  =  -0.088979  Q11c =   0.441412  Q11s =  -0.072940
|Q2| =   0.694647  Q20  =  -0.435979  Q21c =   0.392185  Q21s =  -0.264112
                   Q22c =   0.212480  Q22s =  -0.154096

H          x = -2.628002  y = -0.775651  z =  0.993893 angstrom
           Maximum rank =  2   Radius =  0.350 angstrom
                   Q00  =  -0.056133
|Q1| =   0.207182  Q10  =  -0.085715  Q11c =   0.185577  Q11s =   0.033743
|Q2| =   0.195044  Q20  =  -0.068295  Q21c =  -0.144897  Q21s =  -0.063982
                   Q22c =   0.090672  Q22s =   0.008236

H          x = -0.831144  y = -2.701359  z =  0.759618 angstrom
           Maximum rank =  2   Radius =  0.350 angstrom
                   Q00  =   0.030283
|Q1| =   0.127345  Q10  =  -0.038269  Q11c =   0.030616  Q11s =   0.117536
|Q2| =   0.207094  Q20  =  -0.103709  Q21c =  -0.090114  Q21s =  -0.108595
                   Q22c =  -0.106757  Q22s =   0.028673

H          x =  2.363603  y = -1.000485  z = -1.003505 angstrom
           Maximum rank =  2   Radius =  0.350 angstrom
                   Q00  =   0.057399
|Q1| =   0.117769  Q10  =   0.058130  Q11c =  -0.096567  Q11s =   0.034138
|Q2| =   0.159839  Q20  =  -0.033232  Q21c =  -0.133160  Q21s =   0.053529
                   Q22c =   0.058058  Q22s =  -0.021831

H          x =  2.628002  y =  0.775651  z =  0.993893 angstrom
           Maximum rank =  2   Radius =  0.350 angstrom
                   Q00  =  -0.056133
|Q1| =   0.207182  Q10  =  -0.085715  Q11c =  -0.185577  Q11s =  -0.033743
|Q2| =   0.195044  Q20  =  -0.068295  Q21c =   0.144897  Q21s =   0.063982
                   Q22c =   0.090672  Q22s =   0.008236

H          x =  0.831144  y =  2.701359  z =  0.759618 angstrom
           Maximum rank =  2   Radius =  0.350 angstrom
                   Q00  =   0.030283
|Q1| =   0.127345  Q10  =  -0.038269  Q11c =  -0.030616  Q11s =  -0.117536
|Q2| =   0.207094  Q20  =  -0.103709  Q21c =   0.090114  Q21s =   0.108595
                   Q22c =  -0.106757  Q22s =   0.028673

H          x = -2.363603  y =  1.000485  z = -1.003505 angstrom
           Maximum rank =  2   Radius =  0.350 angstrom
                   Q00  =   0.057399
|Q1| =   0.117769  Q10  =   0.058130  Q11c =   0.096567  Q11s =  -0.034138
|Q2| =   0.159839  Q20  =  -0.033232  Q21c =   0.133160  Q21s =  -0.053529
                   Q22c =   0.058058  Q22s =  -0.021831

C          x =  0.623953  y =  1.707071  z =  0.375234 angstrom
           Maximum rank =  2   Radius =  0.650 angstrom
                   Q00  =   0.064099
|Q1| =   0.428142  Q10  =   0.000718  Q11c =  -0.312670  Q11s =  -0.292477
|Q2| =   1.363923  Q20  =  -0.952145  Q21c =   0.752109  Q21s =   0.393891
                   Q22c =  -0.477733  Q22s =  -0.068259

C          x = -0.623953  y = -1.707071  z =  0.375234 angstrom
           Maximum rank =  2   Radius =  0.650 angstrom
                   Q00  =   0.064099
|Q1| =   0.428142  Q10  =   0.000718  Q11c =   0.312670  Q11s =   0.292477
|Q2| =   1.363923  Q20  =  -0.952145  Q21c =  -0.752109  Q21s =  -0.393891
                   Q22c =  -0.477733  Q22s =  -0.068259

B          x = -1.581399  y = -0.623615  z =  0.425204 angstrom
           Maximum rank =  2   Radius =  0.650 angstrom
                   Q00  =   0.249022
|Q1| =   0.542903  Q10  =   0.030005  Q11c =   0.476866  Q11s =   0.257762
|Q2| =   0.703587  Q20  =  -0.481501  Q21c =  -0.223631  Q21s =  -0.294251
                   Q22c =   0.340475  Q22s =   0.103313

B          x =  1.581399  y =  0.623615  z =  0.425204 angstrom
           Maximum rank =  2   Radius =  0.650 angstrom
                   Q00  =   0.249022
|Q1| =   0.542903  Q10  =   0.030005  Q11c =  -0.476866  Q11s =  -0.257762
|Q2| =   0.703587  Q20  =  -0.481501  Q21c =   0.223631  Q21s =   0.294251
                   Q22c =   0.340475  Q22s =   0.103313

N          x = -0.623953  y =  1.685808  z = -0.305199 angstrom
           Maximum rank =  2   Radius =  0.650 angstrom
                   Q00  =   0.102251
|Q1| =   0.281571  Q10  =  -0.052998  Q11c =   0.092540  Q11s =  -0.260594
|Q2| =   0.993294  Q20  =  -0.634923  Q21c =   0.520818  Q21s =  -0.419354
                   Q22c =  -0.369301  Q22s =  -0.003791

H          x = -0.858062  y =  2.549909  z = -0.789772 angstrom
           Maximum rank =  2   Radius =  0.350 angstrom
                   Q00  =   0.156040
|Q1| =   0.064412  Q10  =   0.023127  Q11c =   0.021328  Q11s =  -0.056207
|Q2| =   0.147087  Q20  =  -0.048167  Q21c =   0.051762  Q21s =  -0.102677
                   Q22c =  -0.073071  Q22s =  -0.027449

N          x =  0.623953  y = -1.685808  z = -0.305199 angstrom
           Maximum rank =  2   Radius =  0.650 angstrom
                   Q00  =   0.102251
|Q1| =   0.281571  Q10  =  -0.052998  Q11c =  -0.092540  Q11s =   0.260594
|Q2| =   0.993294  Q20  =  -0.634923  Q21c =  -0.520818  Q21s =   0.419354
                   Q22c =  -0.369301  Q22s =  -0.003791

H          x =  0.858062  y = -2.549909  z = -0.789772 angstrom
           Maximum rank =  2   Radius =  0.350 angstrom
                   Q00  =   0.156040
|Q1| =   0.064412  Q10  =   0.023127  Q11c =  -0.021328  Q11s =   0.056207
|Q2| =   0.147087  Q20  =  -0.048167  Q21c =  -0.051762  Q21s =   0.102677
                   Q22c =  -0.073071  Q22s =  -0.027449

Ac         x =  0.000000  y =  0.000000  z =  0.032091 angstrom
           Maximum rank =  2   Radius =  0.650 angstrom
                   Q00  =  -0.647041
|Q1| =   0.003679  Q10  =   0.003679
|Q2| =   0.609130  Q20  =   0.608539  Q22c =  -0.017002  Q22s =  -0.020753

A1         x =  0.000000  y = -0.000000  z =  1.032091 angstrom
           Maximum rank =  2   Radius =  0.650 angstrom
                   Q00  =  -0.587840
|Q1| =   0.176516  Q10  =  -0.176516
|Q2| =   0.562680  Q20  =   0.507167  Q22c =   0.162817  Q22s =  -0.181331

A-1        x =  0.000000  y =  0.000000  z = -0.967909 angstrom
           Maximum rank =  2   Radius =  0.650 angstrom
                   Q00  =  -0.514072
|Q1| =   0.067283  Q10  =   0.067283
|Q2| =   0.639338  Q20  =   0.637299  Q22c =  -0.027076  Q22s =  -0.043240

Total multipoles referred to origin at
           x =   0.000000,  y =    0.000000,  z =    0.000000 angstrom
                   Q00  =   0.000008
|Q1| =   1.469695  Q10  =  -1.469695
|Q2| =  16.928034  Q20  =  -4.552116  Q22c =  -9.236273  Q22s = -13.436064

CPU time used:      0m50.300s          Total:      0m50.300s

Finished at 14:54:47 on 31 Jul 2025 
