                                     G D M A
                                 by Anthony Stone

               Distributed Multipoles from Gaussian wavefunctions

                             version 2.3.3 (6b8e81e)
              Compiled with gfortran on 29 May 2025 at 12:54:22

Starting at 11:05:13 on 30 Jul 2025 


Using SCF density matrix from file 1-4-BNC6COT-S0.fchk


                         Distributed Multipole Analysis

Standard DMA for products of primitives with exponent greater than 4.00000
Using 80-point Euler-MacLaurin radial quadrature
Using 590-point Lebedev quadrature
Becke smoothing parameter = 3

Positions and radii in angstrom
Multipole moments in atomic units, ea_0^k for rank k

C          x =  0.072338  y = -1.636218  z =  0.303900 angstrom
           Maximum rank =  2   Radius =  0.650 angstrom
                   Q00  =   0.243186
|Q1| =   0.473088  Q10  =   0.016876  Q11c =   0.080890  Q11s =   0.465816
|Q2| =   0.899852  Q20  =  -0.527195  Q21c =  -0.341385  Q21s =  -0.521746
                   Q22c =  -0.198374  Q22s =  -0.322000

C          x =  1.294932  y =  1.280517  z =  0.304136 angstrom
           Maximum rank =  2   Radius =  0.650 angstrom
                   Q00  =   0.034863
|Q1| =   0.351352  Q10  =  -0.011143  Q11c =  -0.192637  Q11s =  -0.293624
|Q2| =   1.224190  Q20  =  -1.023995  Q21c =  -0.006098  Q21s =   0.543385
                   Q22c =   0.128616  Q22s =   0.371790

C          x =  1.780976  y =  0.113410  z = -0.200017 angstrom
           Maximum rank =  2   Radius =  0.650 angstrom
                   Q00  =   0.240012
|Q1| =   0.369272  Q10  =  -0.045999  Q11c =  -0.353803  Q11s =  -0.095234
|Q2| =   0.945163  Q20  =  -0.716886  Q21c =  -0.236070  Q21s =   0.444648
                   Q22c =   0.354476  Q22s =   0.017674

H          x = -1.831833  y = -1.799824  z =  1.041012 angstrom
           Maximum rank =  2   Radius =  0.350 angstrom
                   Q00  =   0.054590
|Q1| =   0.121401  Q10  =  -0.057407  Q11c =   0.075798  Q11s =   0.075481
|Q2| =   0.174125  Q20  =  -0.033706  Q21c =  -0.097462  Q21s =  -0.122525
                   Q22c =   0.025967  Q22s =   0.063229

H          x = -0.290264  y =  2.897137  z =  0.832201 angstrom
           Maximum rank =  2   Radius =  0.350 angstrom
                   Q00  =  -0.066313
|Q1| =   0.203588  Q10  =  -0.074365  Q11c =   0.025058  Q11s =  -0.187857
|Q2| =   0.181538  Q20  =  -0.078236  Q21c =   0.004954  Q21s =   0.130526
                   Q22c =  -0.090943  Q22s =  -0.038767

H          x =  2.085172  y =  1.988533  z =  0.547336 angstrom
           Maximum rank =  2   Radius =  0.350 angstrom
                   Q00  =   0.030662
|Q1| =   0.130889  Q10  =  -0.030326  Q11c =  -0.093934  Q11s =  -0.085957
|Q2| =   0.197719  Q20  =  -0.127445  Q21c =   0.032434  Q21s =   0.087809
                   Q22c =   0.017717  Q22s =   0.117364

H          x =  2.842853  y =  0.045961  z = -0.437520 angstrom
           Maximum rank =  2   Radius =  0.350 angstrom
                   Q00  =   0.048997
|Q1| =   0.118591  Q10  =   0.022315  Q11c =  -0.116237  Q11s =   0.007411
|Q2| =   0.172523  Q20  =  -0.113989  Q21c =  -0.067185  Q21s =   0.042988
                   Q22c =   0.102016  Q22s =   0.001360

H          x =  1.755027  y = -1.780439  z = -0.822304 angstrom
           Maximum rank =  2   Radius =  0.350 angstrom
                   Q00  =   0.142770
|Q1| =   0.066500  Q10  =   0.025659  Q11c =  -0.042483  Q11s =   0.044261
|Q2| =   0.162336  Q20  =  -0.082188  Q21c =  -0.087135  Q21s =   0.070200
                   Q22c =  -0.023094  Q22s =  -0.080897

H          x =  0.362610  y = -2.536492  z =  0.841818 angstrom
           Maximum rank =  2   Radius =  0.350 angstrom
                   Q00  =   0.052113
|Q1| =   0.122288  Q10  =  -0.046119  Q11c =  -0.024865  Q11s =   0.110494
|Q2| =   0.172743  Q20  =  -0.056821  Q21c =  -0.003076  Q21s =  -0.140441
                   Q22c =  -0.052294  Q22s =  -0.064372

C          x = -1.823092  y = -0.072703  z = -0.285059 angstrom
           Maximum rank =  2   Radius =  0.650 angstrom
                   Q00  =   0.151057
|Q1| =   0.373622  Q10  =  -0.029936  Q11c =   0.371221  Q11s =  -0.029866
|Q2| =   0.966864  Q20  =  -0.698085  Q21c =   0.483277  Q21s =  -0.275742
                   Q22c =   0.247933  Q22s =   0.276484

H          x = -2.790908  y = -0.321954  z = -0.721863 angstrom
           Maximum rank =  2   Radius =  0.350 angstrom
                   Q00  =   0.042280
|Q1| =   0.125026  Q10  =   0.040560  Q11c =   0.115546  Q11s =   0.025211
|Q2| =   0.178807  Q20  =  -0.080161  Q21c =   0.128277  Q21s =  -0.010056
                   Q22c =   0.075988  Q22s =   0.056708

C          x = -1.378713  y =  1.190311  z = -0.348535 angstrom
           Maximum rank =  2   Radius =  0.650 angstrom
                   Q00  =   0.114577
|Q1| =   0.405398  Q10  =  -0.097174  Q11c =   0.273311  Q11s =  -0.283207
|Q2| =   0.935817  Q20  =  -0.668047  Q21c =   0.524340  Q21s =  -0.242736
                   Q22c =  -0.090041  Q22s =  -0.295813

H          x = -2.028242  y =  1.889949  z = -0.877789 angstrom
           Maximum rank =  2   Radius =  0.350 angstrom
                   Q00  =   0.038098
|Q1| =   0.129785  Q10  =   0.052981  Q11c =   0.080406  Q11s =  -0.087018
|Q2| =   0.176441  Q20  =  -0.060156  Q21c =   0.110869  Q21s =  -0.089299
                   Q22c =  -0.019014  Q22s =  -0.082975

C          x = -1.181886  y = -1.198761  z =  0.408024 angstrom
           Maximum rank =  2   Radius =  0.650 angstrom
                   Q00  =   0.186082
|Q1| =   0.449821  Q10  =   0.069450  Q11c =   0.274372  Q11s =   0.349623
|Q2| =   0.872728  Q20  =  -0.525499  Q21c =  -0.206518  Q21s =  -0.594632
                   Q22c =   0.185273  Q22s =   0.234398

N          x =  1.134064  y = -1.072233  z = -0.460057 angstrom
           Maximum rank =  2   Radius =  0.650 angstrom
                   Q00  =   0.095899
|Q1| =   0.343552  Q10  =   0.054846  Q11c =  -0.234990  Q11s =   0.244539
|Q2| =   1.067069  Q20  =  -0.777352  Q21c =  -0.581029  Q21s =   0.267552
                   Q22c =  -0.129407  Q22s =  -0.329295

B          x = -0.126040  y =  1.812684  z =  0.344563 angstrom
           Maximum rank =  2   Radius =  0.650 angstrom
                   Q00  =   0.341468
|Q1| =   0.459184  Q10  =  -0.014350  Q11c =   0.008498  Q11s =  -0.458881
|Q2| =   0.484472  Q20  =  -0.237503  Q21c =   0.006734  Q21s =   0.038689
                   Q22c =  -0.416179  Q22s =  -0.059647

Ac         x = -0.028428  y =  0.052126  z =  0.008369 angstrom
           Maximum rank =  2   Radius =  0.650 angstrom
                   Q00  =  -0.648424
|Q1| =   0.018187  Q10  =   0.001827  Q11c =   0.015152  Q11s =  -0.009893
|Q2| =   0.609035  Q20  =   0.608953  Q21c =  -0.003068  Q21s =   0.001771
                   Q22c =   0.002771  Q22s =  -0.008961

A1         x = -0.029463  y =  0.042724  z =  1.008325 angstrom
           Maximum rank =  2   Radius =  0.650 angstrom
                   Q00  =  -0.550756
|Q1| =   0.126158  Q10  =  -0.113597  Q11c =  -0.014320  Q11s =   0.052975
|Q2| =   0.600427  Q20  =   0.582499  Q21c =  -0.029806  Q21s =   0.036554
                   Q22c =   0.003213  Q22s =  -0.137741

A-1        x = -0.027392  y =  0.061528  z = -0.991586 angstrom
           Maximum rank =  2   Radius =  0.650 angstrom
                   Q00  =  -0.551159
|Q1| =   0.090992  Q10  =   0.090095  Q11c =   0.006867  Q11s =   0.010738
|Q2| =   0.656028  Q20  =   0.648866  Q21c =  -0.035361  Q21s =  -0.014867
                   Q22c =  -0.030305  Q22s =   0.083407

Total multipoles referred to origin at
           x =   0.000000,  y =    0.000000,  z =    0.000000 angstrom
                   Q00  =  -0.000001
|Q1| =   1.329087  Q10  =  -0.243658  Q11c =   0.535507  Q11s =  -1.191778
|Q2| =   7.238666  Q20  =  -4.647476  Q21c =  -1.844997  Q21s =  -2.212627
                   Q22c =   3.745203  Q22s =  -2.910838

CPU time used:      0m18.455s          Total:      0m18.455s

Finished at 11:05:31 on 30 Jul 2025 
