                                     G D M A
                                 by Anthony Stone

               Distributed Multipoles from Gaussian wavefunctions

                             version 2.3.3 (6b8e81e)
              Compiled with gfortran on 14 January 2024 at 08:13:23

Starting at 13:02:25 on 16 Apr 2025 


Using SCF density matrix from file COT-T1.fchk


                         Distributed Multipole Analysis

Standard DMA for products of primitives with exponent greater than 4.00000
Using 80-point Euler-MacLaurin radial quadrature
Using 590-point Lebedev quadrature
Becke smoothing parameter = 3

Positions and radii in angstrom
Multipole moments in atomic units, ea_0^k for rank k

C          x =  0.000000  y =  1.832594  z =  0.000000 angstrom
           Maximum rank =  2   Radius =  0.650 angstrom
                   Q00  =   0.099102
|Q1| =   0.243526  Q11s =  -0.243526
|Q2| =   0.988499  Q20  =  -0.969564  Q22c =  -0.192552

C          x =  1.295839  y =  1.295839  z =  0.000000 angstrom
           Maximum rank =  2   Radius =  0.650 angstrom
                   Q00  =   0.099102
|Q1| =   0.243525  Q11c =  -0.172198  Q11s =  -0.172198
|Q2| =   0.988516  Q20  =  -0.969583  Q22s =   0.192545

H          x = -2.064430  y = -2.064430  z =  0.000000 angstrom
           Maximum rank =  2   Radius =  0.350 angstrom
                   Q00  =   0.035975
|Q1| =   0.121326  Q11c =   0.085790  Q11s =   0.085790
|Q2| =   0.189269  Q20  =  -0.156814  Q22s =   0.105982

H          x =  0.000000  y = -2.919544  z =  0.000000 angstrom
           Maximum rank =  2   Radius =  0.350 angstrom
                   Q00  =   0.035975
|Q1| =   0.121326  Q11s =   0.121326
|Q2| =   0.189268  Q20  =  -0.156812  Q22c =  -0.105982

H          x =  2.064430  y = -2.064430  z =  0.000000 angstrom
           Maximum rank =  2   Radius =  0.350 angstrom
                   Q00  =   0.035975
|Q1| =   0.121326  Q11c =  -0.085790  Q11s =   0.085790
|Q2| =   0.189269  Q20  =  -0.156814  Q22s =  -0.105982

H          x =  2.919544  y =  0.000000  z =  0.000000 angstrom
           Maximum rank =  2   Radius =  0.350 angstrom
                   Q00  =   0.035975
|Q1| =   0.121326  Q11c =  -0.121326
|Q2| =   0.189268  Q20  =  -0.156812  Q22c =   0.105982

C          x =  1.832594  y =  0.000000  z =  0.000000 angstrom
           Maximum rank =  2   Radius =  0.650 angstrom
                   Q00  =   0.099102
|Q1| =   0.243526  Q11c =  -0.243526
|Q2| =   0.988499  Q20  =  -0.969564  Q22c =   0.192552

C          x =  1.295839  y = -1.295839  z =  0.000000 angstrom
           Maximum rank =  2   Radius =  0.650 angstrom
                   Q00  =   0.099102
|Q1| =   0.243525  Q11c =  -0.172198  Q11s =   0.172198
|Q2| =   0.988516  Q20  =  -0.969583  Q22s =  -0.192545

H          x =  0.000000  y =  2.919544  z =  0.000000 angstrom
           Maximum rank =  2   Radius =  0.350 angstrom
                   Q00  =   0.035975
|Q1| =   0.121326  Q11s =  -0.121326
|Q2| =   0.189268  Q20  =  -0.156812  Q22c =  -0.105982

H          x =  2.064430  y =  2.064430  z =  0.000000 angstrom
           Maximum rank =  2   Radius =  0.350 angstrom
                   Q00  =   0.035975
|Q1| =   0.121326  Q11c =  -0.085790  Q11s =  -0.085790
|Q2| =   0.189269  Q20  =  -0.156814  Q22s =   0.105982

C          x = -1.295839  y =  1.295839  z =  0.000000 angstrom
           Maximum rank =  2   Radius =  0.650 angstrom
                   Q00  =   0.099102
|Q1| =   0.243525  Q11c =   0.172198  Q11s =  -0.172198
|Q2| =   0.988516  Q20  =  -0.969583  Q22s =  -0.192545

C          x = -1.832594  y =  0.000000  z =  0.000000 angstrom
           Maximum rank =  2   Radius =  0.650 angstrom
                   Q00  =   0.099102
|Q1| =   0.243526  Q11c =   0.243526
|Q2| =   0.988499  Q20  =  -0.969564  Q22c =   0.192552

C          x = -1.295839  y = -1.295839  z =  0.000000 angstrom
           Maximum rank =  2   Radius =  0.650 angstrom
                   Q00  =   0.099102
|Q1| =   0.243525  Q11c =   0.172198  Q11s =   0.172198
|Q2| =   0.988516  Q20  =  -0.969583  Q22s =   0.192545

C          x =  0.000000  y = -1.832594  z =  0.000000 angstrom
           Maximum rank =  2   Radius =  0.650 angstrom
                   Q00  =   0.099102
|Q1| =   0.243526  Q11s =   0.243526
|Q2| =   0.988499  Q20  =  -0.969564  Q22c =  -0.192552

H          x = -2.064430  y =  2.064430  z =  0.000000 angstrom
           Maximum rank =  2   Radius =  0.350 angstrom
                   Q00  =   0.035975
|Q1| =   0.121326  Q11c =   0.085790  Q11s =  -0.085790
|Q2| =   0.189269  Q20  =  -0.156814  Q22s =  -0.105982

H          x = -2.919544  y =  0.000000  z =  0.000000 angstrom
           Maximum rank =  2   Radius =  0.350 angstrom
                   Q00  =   0.035975
|Q1| =   0.121326  Q11c =   0.121326
|Q2| =   0.189268  Q20  =  -0.156812  Q22c =   0.105982

TOP1       x =  0.000000  y =  0.000000  z =  1.000000 angstrom
           Maximum rank =  2   Radius =  0.650 angstrom
                   Q00  =  -0.540313
|Q1| =   0.123710  Q10  =   0.123710
|Q2| =   0.543013  Q20  =   0.543013

TOP2       x =  0.000000  y =  0.000000  z = -1.000000 angstrom
           Maximum rank =  2   Radius =  0.650 angstrom
                   Q00  =  -0.540313
|Q1| =   0.123710  Q10  =  -0.123710
|Q2| =   0.543013  Q20  =   0.543013

Total multipoles referred to origin at
           x =   0.000000,  y =    0.000000,  z =    0.000000 angstrom
                   Q00  =  -0.000008
|Q1| =   0.000000
|Q2| =   7.881445  Q20  =  -7.881445

CPU time used:      0m17.934s          Total:      0m17.934s

Finished at 13:02:43 on 16 Apr 2025 
