                                     G D M A
                                 by Anthony Stone

               Distributed Multipoles from Gaussian wavefunctions

                             version 2.3.3 (6b8e81e)
              Compiled with gfortran on 29 May 2025 at 12:54:22

Starting at 07:16:44 on 30 Sep 2025 


Using SCF density matrix from file Bz-S0.fchk


                         Distributed Multipole Analysis

Standard DMA for products of primitives with exponent greater than 4.00000
Using 80-point Euler-MacLaurin radial quadrature
Using 590-point Lebedev quadrature
Becke smoothing parameter = 3

Positions and radii in angstrom
Multipole moments in atomic units, ea_0^k for rank k

C          x =  0.000000  y =  1.393502  z =  0.000000 angstrom
           Maximum rank =  2   Radius =  0.650 angstrom
                   Q00  =   0.339490
|Q1| =   0.580391  Q11s =  -0.580391
|Q2| =   0.909689  Q20  =  -0.686831  Q22c =  -0.596487

C          x =  1.206808  y =  0.696751  z =  0.000000 angstrom
           Maximum rank =  2   Radius =  0.650 angstrom
                   Q00  =   0.339489
|Q1| =   0.580393  Q11c =  -0.502636  Q11s =  -0.290195
|Q2| =   0.909689  Q20  =  -0.686829  Q22c =   0.298240  Q22s =   0.516578

C          x =  1.206808  y = -0.696751  z =  0.000000 angstrom
           Maximum rank =  2   Radius =  0.650 angstrom
                   Q00  =   0.339489
|Q1| =   0.580393  Q11c =  -0.502636  Q11s =   0.290195
|Q2| =   0.909689  Q20  =  -0.686829  Q22c =   0.298240  Q22s =  -0.516578

C          x =  0.000000  y = -1.393502  z =  0.000000 angstrom
           Maximum rank =  2   Radius =  0.650 angstrom
                   Q00  =   0.339490
|Q1| =   0.580391  Q11s =   0.580391
|Q2| =   0.909689  Q20  =  -0.686831  Q22c =  -0.596487

C          x = -1.206808  y = -0.696751  z =  0.000000 angstrom
           Maximum rank =  2   Radius =  0.650 angstrom
                   Q00  =   0.339489
|Q1| =   0.580393  Q11c =   0.502636  Q11s =   0.290195
|Q2| =   0.909689  Q20  =  -0.686829  Q22c =   0.298240  Q22s =   0.516578

C          x = -1.206808  y =  0.696751  z =  0.000000 angstrom
           Maximum rank =  2   Radius =  0.650 angstrom
                   Q00  =   0.339489
|Q1| =   0.580393  Q11c =   0.502636  Q11s =  -0.290195
|Q2| =   0.909689  Q20  =  -0.686829  Q22c =   0.298240  Q22s =  -0.516578

H          x =  0.000000  y =  2.477782  z =  0.000000 angstrom
           Maximum rank =  2   Radius =  0.350 angstrom
                   Q00  =   0.050386
|Q1| =   0.121654  Q11s =  -0.121654
|Q2| =   0.183014  Q20  =  -0.133869  Q22c =  -0.124793

H          x =  2.145822  y =  1.238891  z =  0.000000 angstrom
           Maximum rank =  2   Radius =  0.350 angstrom
                   Q00  =   0.050387
|Q1| =   0.121654  Q11c =  -0.105355  Q11s =  -0.060827
|Q2| =   0.183014  Q20  =  -0.133868  Q22c =   0.062396  Q22s =   0.108074

H          x =  2.145822  y = -1.238891  z =  0.000000 angstrom
           Maximum rank =  2   Radius =  0.350 angstrom
                   Q00  =   0.050387
|Q1| =   0.121654  Q11c =  -0.105355  Q11s =   0.060827
|Q2| =   0.183014  Q20  =  -0.133868  Q22c =   0.062396  Q22s =  -0.108074

H          x =  0.000000  y = -2.477782  z =  0.000000 angstrom
           Maximum rank =  2   Radius =  0.350 angstrom
                   Q00  =   0.050386
|Q1| =   0.121654  Q11s =   0.121654
|Q2| =   0.183014  Q20  =  -0.133869  Q22c =  -0.124793

H          x = -2.145822  y = -1.238891  z =  0.000000 angstrom
           Maximum rank =  2   Radius =  0.350 angstrom
                   Q00  =   0.050387
|Q1| =   0.121654  Q11c =   0.105355  Q11s =   0.060827
|Q2| =   0.183014  Q20  =  -0.133868  Q22c =   0.062396  Q22s =   0.108074

H          x = -2.145822  y =  1.238891  z =  0.000000 angstrom
           Maximum rank =  2   Radius =  0.350 angstrom
                   Q00  =   0.050387
|Q1| =   0.121654  Q11c =   0.105355  Q11s =  -0.060827
|Q2| =   0.183014  Q20  =  -0.133868  Q22c =   0.062396  Q22s =  -0.108074

Ac         x =  0.000000  y =  0.000000  z =  0.000000 angstrom
           Maximum rank =  2   Radius =  0.650 angstrom
                   Q00  =  -0.988604
|Q1| =   0.000000
|Q2| =   0.481858  Q20  =   0.481858  Q22c =   0.000001

A1         x =  0.000000  y =  0.000000  z =  1.000000 angstrom
           Maximum rank =  2   Radius =  0.650 angstrom
                   Q00  =  -0.675327
|Q1| =   0.027240  Q10  =  -0.027240
|Q2| =   0.747026  Q20  =   0.747026

A-1        x =  0.000000  y =  0.000000  z = -1.000000 angstrom
           Maximum rank =  2   Radius =  0.650 angstrom
                   Q00  =  -0.675327
|Q1| =   0.027240  Q10  =   0.027240
|Q2| =   0.747026  Q20  =   0.747026

Total multipoles referred to origin at
           x =   0.000000,  y =    0.000000,  z =    0.000000 angstrom
                   Q00  =  -0.000001
|Q1| =   0.000000
|Q2| =   5.766102  Q20  =  -5.766102  Q22c =  -0.000054

CPU time used:      0m25.551s          Total:      0m25.551s

Finished at 07:17:09 on 30 Sep 2025 
