                                     G D M A
                                 by Anthony Stone

               Distributed Multipoles from Gaussian wavefunctions

                             version 2.3.3 (6b8e81e)
              Compiled with gfortran on 29 May 2025 at 12:54:22

Starting at 10:31:40 on 30 Jul 2025 


Using SCF density matrix from file 1-2-BNC6COT-S0.fchk


                         Distributed Multipole Analysis

Standard DMA for products of primitives with exponent greater than 4.00000
Using 80-point Euler-MacLaurin radial quadrature
Using 590-point Lebedev quadrature
Becke smoothing parameter = 3

Positions and radii in angstrom
Multipole moments in atomic units, ea_0^k for rank k

C          x = -0.870756  y = -1.511649  z = -0.392024 angstrom
           Maximum rank =  2   Radius =  0.650 angstrom
                   Q00  =   0.128548
|Q1| =   0.429896  Q10  =  -0.087620  Q11c =   0.185709  Q11s =   0.377684
|Q2| =   0.931870  Q20  =  -0.620893  Q21c =   0.456662  Q21s =   0.405474
                   Q22c =  -0.295364  Q22s =   0.150611

C          x =  1.658992  y =  0.446808  z = -0.358733 angstrom
           Maximum rank =  2   Radius =  0.650 angstrom
                   Q00  =   0.229400
|Q1| =   0.429458  Q10  =  -0.010976  Q11c =  -0.371364  Q11s =  -0.215412
|Q2| =   0.909303  Q20  =  -0.561862  Q21c =  -0.399323  Q21s =  -0.467503
                   Q22c =   0.351191  Q22s =  -0.098950

C          x =  0.785965  y =  1.458647  z = -0.387056 angstrom
           Maximum rank =  2   Radius =  0.650 angstrom
                   Q00  =   0.181982
|Q1| =   0.462936  Q10  =  -0.065426  Q11c =  -0.252746  Q11s =  -0.382294
|Q2| =   0.923314  Q20  =  -0.577716  Q21c =  -0.520246  Q21s =  -0.381941
                   Q22c =  -0.311498  Q22s =   0.072018

C          x = -0.475557  y =  1.611304  z =  0.348369 angstrom
           Maximum rank =  2   Radius =  0.650 angstrom
                   Q00  =   0.192299
|Q1| =   0.445381  Q10  =   0.051507  Q11c =   0.166257  Q11s =  -0.409963
|Q2| =   0.923478  Q20  =  -0.603357  Q21c =  -0.428172  Q21s =   0.413852
                   Q22c =  -0.361700  Q22s =   0.057804

C          x = -1.723093  y = -0.478324  z = -0.330700 angstrom
           Maximum rank =  2   Radius =  0.650 angstrom
                   Q00  =   0.165904
|Q1| =   0.395209  Q10  =  -0.042263  Q11c =   0.361380  Q11s =   0.154300
|Q2| =   0.940931  Q20  =  -0.641153  Q21c =   0.378271  Q21s =   0.425955
                   Q22c =   0.381658  Q22s =  -0.063906

C          x = -1.535234  y =  0.790433  z =  0.388629 angstrom
           Maximum rank =  2   Radius =  0.650 angstrom
                   Q00  =   0.178039
|Q1| =   0.424355  Q10  =   0.047047  Q11c =   0.351611  Q11s =  -0.232881
|Q2| =   0.914623  Q20  =  -0.586691  Q21c =  -0.345485  Q21s =   0.500423
                   Q22c =   0.334460  Q22s =  -0.103360

H          x =  2.598131  y =  0.553187  z = -0.896474 angstrom
           Maximum rank =  2   Radius =  0.350 angstrom
                   Q00  =   0.050501
|Q1| =   0.119404  Q10  =   0.047863  Q11c =  -0.107735  Q11s =  -0.018960
|Q2| =   0.175815  Q20  =  -0.057833  Q21c =  -0.132606  Q21s =  -0.055740
                   Q22c =   0.082880  Q22s =  -0.002407

H          x =  2.393115  y = -1.045674  z =  0.809957 angstrom
           Maximum rank =  2   Radius =  0.350 angstrom
                   Q00  =   0.138277
|Q1| =   0.070910  Q10  =  -0.024538  Q11c =  -0.060046  Q11s =   0.028646
|Q2| =   0.166695  Q20  =  -0.058937  Q21c =   0.106981  Q21s =  -0.063258
                   Q22c =   0.085748  Q22s =  -0.038916

H          x =  0.667355  y = -2.686697  z =  1.005567 angstrom
           Maximum rank =  2   Radius =  0.350 angstrom
                   Q00  =  -0.057122
|Q1| =   0.199245  Q10  =  -0.090613  Q11c =  -0.036514  Q11s =   0.173651
|Q2| =   0.183144  Q20  =  -0.051353  Q21c =   0.053420  Q21s =  -0.145095
                   Q22c =  -0.082584  Q22s =  -0.013342

H          x = -1.217615  y = -2.383470  z = -0.948622 angstrom
           Maximum rank =  2   Radius =  0.350 angstrom
                   Q00  =   0.040430
|Q1| =   0.129429  Q10  =   0.055414  Q11c =   0.042908  Q11s =   0.108812
|Q2| =   0.175977  Q20  =  -0.052496  Q21c =   0.076385  Q21s =   0.125172
                   Q22c =  -0.069079  Q22s =   0.044015

H          x = -2.697786  y = -0.571931  z = -0.811552 angstrom
           Maximum rank =  2   Radius =  0.350 angstrom
                   Q00  =   0.042331
|Q1| =   0.126109  Q10  =   0.045153  Q11c =   0.116647  Q11s =   0.016063
|Q2| =   0.176312  Q20  =  -0.068472  Q21c =   0.124136  Q21s =   0.052775
                   Q22c =   0.090547  Q22s =   0.001992

H          x = -2.405247  y =  1.137811  z =  0.943701 angstrom
           Maximum rank =  2   Radius =  0.350 angstrom
                   Q00  =   0.046287
|Q1| =   0.124273  Q10  =  -0.052617  Q11c =   0.103379  Q11s =  -0.044588
|Q2| =   0.176699  Q20  =  -0.053408  Q21c =  -0.121885  Q21s =   0.084292
                   Q22c =   0.069119  Q22s =  -0.040391

H          x = -0.569779  y =  2.561949  z =  0.871640 angstrom
           Maximum rank =  2   Radius =  0.350 angstrom
                   Q00  =   0.047973
|Q1| =   0.124530  Q10  =  -0.048901  Q11c =   0.016911  Q11s =  -0.113271
|Q2| =   0.175578  Q20  =  -0.061130  Q21c =  -0.051586  Q21s =   0.131304
                   Q22c =  -0.084753  Q22s =   0.002365

H          x =  1.092363  y =  2.327571  z = -0.965587 angstrom
           Maximum rank =  2   Radius =  0.350 angstrom
                   Q00  =   0.051203
|Q1| =   0.123290  Q10  =   0.053921  Q11c =  -0.042084  Q11s =  -0.102576
|Q2| =   0.177122  Q20  =  -0.049713  Q21c =  -0.079889  Q21s =  -0.128679
                   Q22c =  -0.071390  Q22s =   0.029391

B          x =  0.472534  y = -1.683951  z =  0.380443 angstrom
           Maximum rank =  2   Radius =  0.650 angstrom
                   Q00  =   0.356497
|Q1| =   0.478210  Q10  =  -0.009440  Q11c =  -0.094456  Q11s =   0.468693
|Q2| =   0.457147  Q20  =  -0.264562  Q21c =   0.102200  Q21s =  -0.071714
                   Q22c =  -0.309272  Q22s =  -0.166593

N          x =  1.533555  y = -0.768043  z =  0.354034 angstrom
           Maximum rank =  2   Radius =  0.650 angstrom
                   Q00  =   0.006420
|Q1| =   0.343928  Q10  =   0.049994  Q11c =  -0.261330  Q11s =   0.217932
|Q2| =   1.176850  Q20  =  -0.759608  Q21c =   0.456116  Q21s =  -0.652856
                   Q22c =   0.415871  Q22s =  -0.027549

Ac         x = -0.019199  y = -0.016847  z =  0.000370 angstrom
           Maximum rank =  2   Radius =  0.650 angstrom
                   Q00  =  -0.663221
|Q1| =   0.014499  Q10  =   0.003650  Q11c =   0.013613  Q11s =  -0.003403
|Q2| =   0.606601  Q20  =   0.606317  Q21c =   0.001392  Q21s =  -0.010294
                   Q22c =   0.004940  Q22s =  -0.014580

A1         x = -0.016729  y = -0.015126  z =  1.000366 angstrom
           Maximum rank =  2   Radius =  0.650 angstrom
                   Q00  =  -0.554442
|Q1| =   0.118001  Q10  =  -0.105281  Q11c =   0.012893  Q11s =  -0.051711
|Q2| =   0.591950  Q20  =   0.578282  Q21c =   0.037847  Q21s =  -0.027318
                   Q22c =  -0.050641  Q22s =   0.106074

A-1        x = -0.021669  y = -0.018567  z = -0.999625 angstrom
           Maximum rank =  2   Radius =  0.650 angstrom
                   Q00  =  -0.581314
|Q1| =   0.117845  Q10  =   0.117818  Q11c =   0.002509  Q11s =   0.000351
|Q2| =   0.607799  Q20  =   0.591854  Q21c =   0.006534  Q21s =   0.011211
                   Q22c =  -0.006670  Q22s =  -0.137535

Total multipoles referred to origin at
           x =   0.000000,  y =    0.000000,  z =    0.000000 angstrom
                   Q00  =  -0.000008
|Q1| =   0.536651  Q10  =  -0.037088  Q11c =   0.434343  Q11s =   0.312993
|Q2| =   6.254736  Q20  =  -4.014373  Q21c =   0.101560  Q21s =   1.422524
                   Q22c =   4.446652  Q22s =  -1.095409

CPU time used:      0m18.297s          Total:      0m18.297s

Finished at 10:31:58 on 30 Jul 2025 
