                                     G D M A
                                 by Anthony Stone

               Distributed Multipoles from Gaussian wavefunctions

                             version 2.3.3 (6b8e81e)
              Compiled with gfortran on 29 May 2025 at 12:54:22

Starting at 11:10:21 on 30 Jul 2025 


Using SCF density matrix from file 1-5-BNC6COT-S0.fchk


                         Distributed Multipole Analysis

Standard DMA for products of primitives with exponent greater than 4.00000
Using 80-point Euler-MacLaurin radial quadrature
Using 590-point Lebedev quadrature
Becke smoothing parameter = 3

Positions and radii in angstrom
Multipole moments in atomic units, ea_0^k for rank k

C          x =  1.689245  y =  0.250572  z = -0.426448 angstrom
           Maximum rank =  2   Radius =  0.650 angstrom
                   Q00  =   0.300668
|Q1| =   0.558115  Q10  =  -0.052942  Q11c =  -0.503492  Q11s =  -0.234916
|Q2| =   0.868344  Q20  =  -0.555531  Q21c =  -0.367055  Q21s =  -0.366776
                   Q22c =   0.419578  Q22s =  -0.010388

C          x =  0.856827  y =  1.352590  z = -0.367778 angstrom
           Maximum rank =  2   Radius =  0.650 angstrom
                   Q00  =   0.225481
|Q1| =   0.473829  Q10  =  -0.051115  Q11c =  -0.200441  Q11s =  -0.426292
|Q2| =   0.991746  Q20  =  -0.620323  Q21c =  -0.609046  Q21s =  -0.194460
                   Q22c =  -0.364072  Q22s =   0.239704

H          x = -2.684290  y = -0.605963  z = -1.124479 angstrom
           Maximum rank =  2   Radius =  0.350 angstrom
                   Q00  =   0.036086
|Q1| =   0.124391  Q10  =   0.063649  Q11c =   0.104620  Q11s =   0.021828
|Q2| =   0.184821  Q20  =  -0.000517  Q21c =   0.152236  Q21s =   0.051212
                   Q22c =   0.091433  Q22s =   0.000366

H          x =  2.197243  y = -1.196142  z =  0.952590 angstrom
           Maximum rank =  2   Radius =  0.350 angstrom
                   Q00  =   0.164308
|Q1| =   0.066667  Q10  =  -0.021854  Q11c =  -0.052651  Q11s =   0.034566
|Q2| =   0.147054  Q20  =  -0.011656  Q21c =   0.094522  Q21s =  -0.081295
                   Q22c =   0.066139  Q22s =  -0.039641

H          x =  2.664937  y =  0.307820  z = -0.891928 angstrom
           Maximum rank =  2   Radius =  0.350 angstrom
                   Q00  =   0.057653
|Q1| =   0.114349  Q10  =   0.040507  Q11c =  -0.106478  Q11s =  -0.009873
|Q2| =   0.183338  Q20  =  -0.071848  Q21c =  -0.127498  Q21s =  -0.049086
                   Q22c =   0.098889  Q22s =  -0.002533

H          x =  1.318629  y =  2.237037  z = -0.807216 angstrom
           Maximum rank =  2   Radius =  0.350 angstrom
                   Q00  =   0.050709
|Q1| =   0.124594  Q10  =   0.043789  Q11c =  -0.055631  Q11s =  -0.102525
|Q2| =   0.175539  Q20  =  -0.078568  Q21c =  -0.088036  Q21s =  -0.088389
                   Q22c =  -0.072585  Q22s =   0.061722

H          x = -0.434922  y =  2.594495  z =  0.648657 angstrom
           Maximum rank =  2   Radius =  0.350 angstrom
                   Q00  =   0.032529
|Q1| =   0.136619  Q10  =  -0.039505  Q11c =   0.014929  Q11s =  -0.129928
|Q2| =   0.178328  Q20  =  -0.093544  Q21c =  -0.055171  Q21s =   0.090076
                   Q22c =  -0.109032  Q22s =  -0.002230

H          x = -2.578564  y =  1.323928  z =  1.023437 angstrom
           Maximum rank =  2   Radius =  0.350 angstrom
                   Q00  =  -0.079931
|Q1| =   0.209093  Q10  =  -0.092974  Q11c =   0.164580  Q11s =  -0.089382
|Q2| =   0.200021  Q20  =  -0.057736  Q21c =  -0.122140  Q21s =   0.105668
                   Q22c =   0.063016  Q22s =  -0.081363

C          x = -0.785220  y = -1.282556  z = -0.483953 angstrom
           Maximum rank =  2   Radius =  0.650 angstrom
                   Q00  =   0.250260
|Q1| =   0.644980  Q10  =  -0.062201  Q11c =   0.417972  Q11s =   0.487268
|Q2| =   0.542915  Q20  =  -0.111219  Q21c =   0.140427  Q21s =   0.503097
                   Q22c =   0.038596  Q22s =  -0.089840

H          x = -0.558265  y = -1.980724  z = -1.293058 angstrom
           Maximum rank =  2   Radius =  0.350 angstrom
                   Q00  =   0.080635
|Q1| =   0.144221  Q10  =   0.065219  Q11c =   0.024561  Q11s =   0.126265
|Q2| =   0.128518  Q20  =   0.036815  Q21c =  -0.036730  Q21s =   0.114630
                   Q22c =  -0.007181  Q22s =  -0.024917

C          x =  0.183240  y = -1.217312  z =  0.601325 angstrom
           Maximum rank =  2   Radius =  0.650 angstrom
                   Q00  =   0.613966
|Q1| =   0.855131  Q10  =  -0.033392  Q11c =  -0.013513  Q11s =   0.854372
|Q2| =   0.360939  Q20  =   0.181736  Q21c =  -0.012293  Q21s =  -0.267875
                   Q22c =  -0.148945  Q22s =   0.056178

H          x = -0.043422  y = -1.616637  z =  1.584842 angstrom
           Maximum rank =  2   Radius =  0.350 angstrom
                   Q00  =   0.111822
|Q1| =   0.132757  Q10  =  -0.078355  Q11c =   0.002730  Q11s =   0.107133
|Q2| =   0.121621  Q20  =   0.086818  Q21c =  -0.042397  Q21s =  -0.069870
                   Q22c =  -0.005866  Q22s =   0.023249

C          x = -1.856528  y = -0.472714  z = -0.429408 angstrom
           Maximum rank =  2   Radius =  0.650 angstrom
                   Q00  =   0.000241
|Q1| =   0.291679  Q10  =  -0.105176  Q11c =   0.270315  Q11s =   0.030735
|Q2| =   1.057798  Q20  =  -0.447075  Q21c =   0.629332  Q21s =   0.563629
                   Q22c =   0.427154  Q22s =  -0.151210

C          x = -0.363316  y =  1.554512  z =  0.314365 angstrom
           Maximum rank =  2   Radius =  0.650 angstrom
                   Q00  =   0.143372
|Q1| =   0.433020  Q10  =   0.054498  Q11c =   0.212695  Q11s =  -0.373225
|Q2| =   1.046635  Q20  =  -0.806342  Q21c =  -0.473260  Q21s =   0.223349
                   Q22c =  -0.408231  Q22s =  -0.068897

B          x = -1.672476  y =  0.790173  z =  0.446961 angstrom
           Maximum rank =  2   Radius =  0.650 angstrom
                   Q00  =   0.200957
|Q1| =   0.365621  Q10  =  -0.003384  Q11c =   0.319803  Q11s =  -0.177183
|Q2| =   0.615915  Q20  =  -0.356059  Q21c =  -0.053818  Q21s =   0.277353
                   Q22c =   0.255732  Q22s =  -0.327647

N          x =  1.447935  y = -0.875033  z =  0.346248 angstrom
           Maximum rank =  2   Radius =  0.650 angstrom
                   Q00  =   0.140979
|Q1| =   0.466025  Q10  =   0.071226  Q11c =  -0.338966  Q11s =   0.311781
|Q2| =   1.093205  Q20  =  -0.325253  Q21c =   0.343771  Q21s =  -0.772522
                   Q22c =   0.545471  Q22s =  -0.277128

Ac         x =  0.167455  y = -0.098563  z = -0.063664 angstrom
           Maximum rank =  2   Radius =  0.650 angstrom
                   Q00  =  -0.833158
|Q1| =   0.036821  Q10  =  -0.014037  Q11c =   0.015737  Q11s =   0.030184
|Q2| =   0.618349  Q20  =   0.602235  Q21c =  -0.113934  Q21s =   0.056197
                   Q22c =  -0.057565  Q22s =   0.014697

A1         x =  0.071469  y = -0.026713  z =  0.929122 angstrom
           Maximum rank =  2   Radius =  0.650 angstrom
                   Q00  =  -0.840662
|Q1| =   0.256192  Q10  =  -0.241045  Q11c =   0.086605  Q11s =   0.005618
|Q2| =   0.424897  Q20  =   0.393515  Q21c =   0.088833  Q21s =   0.102508
                   Q22c =  -0.083793  Q22s =  -0.016219

A-1        x =  0.263440  y = -0.170413  z = -1.056450 angstrom
           Maximum rank =  2   Radius =  0.650 angstrom
                   Q00  =  -0.655900
|Q1| =   0.147779  Q10  =   0.136727  Q11c =  -0.050323  Q11s =   0.024738
|Q2| =   0.591869  Q20  =   0.588749  Q21c =  -0.046926  Q21s =   0.004688
                   Q22c =   0.009221  Q22s =  -0.037072

Total multipoles referred to origin at
           x =   0.000000,  y =    0.000000,  z =    0.000000 angstrom
                   Q00  =   0.000014
|Q1| =   1.784584  Q10  =   0.097757  Q11c =   1.611216  Q11s =  -0.761031
|Q2| =   5.981026  Q20  =  -1.198746  Q21c =   4.215500  Q21s =  -4.039328
                   Q22c =   0.426235  Q22s =  -0.259600

CPU time used:      0m19.602s          Total:      0m19.602s

Finished at 11:10:40 on 30 Jul 2025 
