                                     G D M A
                                 by Anthony Stone

               Distributed Multipoles from Gaussian wavefunctions

                             version 2.3.3 (6b8e81e)
              Compiled with gfortran on 29 May 2025 at 12:54:22

Starting at 11:33:17 on 30 Jul 2025 


Using SCF density matrix from file B2N2C4COT-B-S0.fchk


                         Distributed Multipole Analysis

Standard DMA for products of primitives with exponent greater than 4.00000
Using 80-point Euler-MacLaurin radial quadrature
Using 590-point Lebedev quadrature
Becke smoothing parameter = 3

Positions and radii in angstrom
Multipole moments in atomic units, ea_0^k for rank k

C          x =  0.695852  y = -1.562059  z =  0.285557 angstrom
           Maximum rank =  2   Radius =  0.650 angstrom
                   Q00  =   0.230063
|Q1| =   0.424625  Q10  =   0.010411  Q11c =  -0.259113  Q11s =   0.336242
|Q2| =   0.936463  Q20  =  -0.641955  Q21c =   0.513395  Q21s =  -0.277764
                   Q22c =  -0.351151  Q22s =  -0.028682

C          x =  1.609696  y = -0.587713  z =  0.375404 angstrom
           Maximum rank =  2   Radius =  0.650 angstrom
                   Q00  =   0.154327
|Q1| =   0.425959  Q10  =   0.057273  Q11c =  -0.382180  Q11s =   0.179162
|Q2| =   0.967610  Q20  =  -0.669122  Q21c =   0.454844  Q21s =  -0.447971
                   Q22c =   0.284020  Q22s =  -0.017784

H          x =  0.930123  y = -2.517264  z =  0.750063 angstrom
           Maximum rank =  2   Radius =  0.350 angstrom
                   Q00  =   0.048859
|Q1| =   0.120311  Q10  =  -0.041597  Q11c =  -0.032954  Q11s =   0.107974
|Q2| =   0.176158  Q20  =  -0.078475  Q21c =   0.071079  Q21s =  -0.109766
                   Q22c =  -0.084810  Q22s =  -0.024072

H          x = -0.768665  y = -2.461764  z = -0.769792 angstrom
           Maximum rank =  2   Radius =  0.350 angstrom
                   Q00  =   0.137379
|Q1| =   0.071073  Q10  =   0.024796  Q11c =   0.022720  Q11s =   0.062613
|Q2| =   0.168230  Q20  =  -0.074781  Q21c =   0.049319  Q21s =   0.105292
                   Q22c =  -0.092547  Q22s =   0.025010

H          x = -2.693840  y = -1.124075  z = -0.707242 angstrom
           Maximum rank =  2   Radius =  0.350 angstrom
                   Q00  =  -0.060191
|Q1| =   0.197568  Q10  =   0.061885  Q11c =   0.172810  Q11s =   0.073077
|Q2| =   0.188232  Q20  =  -0.100460  Q21c =   0.092700  Q21s =   0.081075
                   Q22c =   0.081091  Q22s =   0.059973

H          x = -2.587981  y =  0.891058  z =  0.655479 angstrom
           Maximum rank =  2   Radius =  0.350 angstrom
                   Q00  =   0.128726
|Q1| =   0.074551  Q10  =  -0.020909  Q11c =   0.068420  Q11s =  -0.020960
|Q2| =   0.173680  Q20  =  -0.085475  Q21c =  -0.093481  Q21s =   0.046939
                   Q22c =   0.095760  Q22s =  -0.052412

H          x = -1.110903  y =  2.728267  z =  0.757323 angstrom
           Maximum rank =  2   Radius =  0.350 angstrom
                   Q00  =  -0.064725
|Q1| =   0.201097  Q10  =  -0.068621  Q11c =   0.064904  Q11s =  -0.177535
|Q2| =   0.184509  Q20  =  -0.090907  Q21c =  -0.067981  Q21s =   0.107465
                   Q22c =  -0.083343  Q22s =  -0.051605

H          x =  0.958147  y =  2.573338  z = -0.869356 angstrom
           Maximum rank =  2   Radius =  0.350 angstrom
                   Q00  =   0.037110
|Q1| =   0.130522  Q10  =   0.052329  Q11c =  -0.033585  Q11s =  -0.114759
|Q2| =   0.178611  Q20  =  -0.068989  Q21c =  -0.062221  Q21s =  -0.127578
                   Q22c =  -0.074245  Q22s =   0.038505

H          x =  2.622047  y =  0.974977  z = -0.675347 angstrom
           Maximum rank =  2   Radius =  0.350 angstrom
                   Q00  =   0.041568
|Q1| =   0.126118  Q10  =   0.038457  Q11c =  -0.115422  Q11s =  -0.033235
|Q2| =   0.176273  Q20  =  -0.087184  Q21c =  -0.100415  Q21s =  -0.067055
                   Q22c =   0.087951  Q22s =   0.034006

H          x =  2.511128  y = -0.856169  z =  0.921262 angstrom
           Maximum rank =  2   Radius =  0.350 angstrom
                   Q00  =   0.047365
|Q1| =   0.123610  Q10  =  -0.052733  Q11c =  -0.106531  Q11s =   0.033911
|Q2| =   0.181001  Q20  =  -0.063897  Q21c =   0.134454  Q21s =  -0.068833
                   Q22c =   0.072001  Q22s =  -0.026045

B          x = -1.662188  y = -0.690748  z = -0.284271 angstrom
           Maximum rank =  2   Radius =  0.650 angstrom
                   Q00  =   0.370233
|Q1| =   0.457425  Q10  =   0.022950  Q11c =   0.412370  Q11s =   0.196627
|Q2| =   0.455424  Q20  =  -0.299804  Q21c =   0.000466  Q21s =   0.186783
                   Q22c =   0.218765  Q22s =   0.186500

N          x = -0.551047  y = -1.557628  z = -0.373881 angstrom
           Maximum rank =  2   Radius =  0.650 angstrom
                   Q00  =   0.020262
|Q1| =   0.336855  Q10  =  -0.020249  Q11c =   0.161918  Q11s =   0.294693
|Q2| =   1.177051  Q20  =  -0.861086  Q21c =   0.502807  Q21s =   0.521408
                   Q22c =  -0.345344  Q22s =   0.005895

C          x =  1.640953  y =  0.728750  z = -0.266347 angstrom
           Maximum rank =  2   Radius =  0.650 angstrom
                   Q00  =   0.166324
|Q1| =   0.378358  Q10  =  -0.037590  Q11c =  -0.322366  Q11s =  -0.194479
|Q2| =   0.963216  Q20  =  -0.718047  Q21c =  -0.257665  Q21s =  -0.455088
                   Q22c =   0.366475  Q22s =   0.066274

C          x =  0.670260  y =  1.652281  z = -0.360231 angstrom
           Maximum rank =  2   Radius =  0.650 angstrom
                   Q00  =   0.110752
|Q1| =   0.404954  Q10  =  -0.080932  Q11c =  -0.119086  Q11s =  -0.378492
|Q2| =   0.968409  Q20  =  -0.712468  Q21c =  -0.369931  Q21s =  -0.446849
                   Q22c =  -0.290615  Q22s =   0.096044

N          x = -1.669467  y =  0.619636  z =  0.327258 angstrom
           Maximum rank =  2   Radius =  0.650 angstrom
                   Q00  =  -0.052906
|Q1| =   0.279830  Q10  =   0.031075  Q11c =   0.256891  Q11s =  -0.106518
|Q2| =   1.256162  Q20  =  -0.997762  Q21c =  -0.438776  Q21s =   0.517764
                   Q22c =   0.340948  Q22s =  -0.074593

B          x = -0.741218  y =  1.684753  z =  0.295807 angstrom
           Maximum rank =  2   Radius =  0.650 angstrom
                   Q00  =   0.348728
|Q1| =   0.445404  Q10  =  -0.002351  Q11c =   0.142943  Q11s =  -0.421837
|Q2| =   0.440435  Q20  =  -0.272093  Q21c =  -0.074486  Q21s =   0.018712
                   Q22c =  -0.242625  Q22s =  -0.234911

Ac         x = -0.000895  y =  0.035909  z = -0.000088 angstrom
           Maximum rank =  2   Radius =  0.650 angstrom
                   Q00  =  -0.626001
|Q1| =   0.022583  Q10  =   0.002419  Q11c =  -0.018638  Q11s =  -0.012520
|Q2| =   0.600135  Q20  =   0.600014  Q21c =   0.000185  Q21s =   0.006356
                   Q22c =   0.009635  Q22s =  -0.003365

A1         x = -0.004071  y =  0.033796  z =  0.999905 angstrom
           Maximum rank =  2   Radius =  0.650 angstrom
                   Q00  =  -0.512428
|Q1| =   0.098914  Q10  =  -0.087320  Q11c =  -0.025588  Q11s =   0.038788
|Q2| =   0.618553  Q20  =   0.599807  Q21c =  -0.048797  Q21s =   0.035361
                   Q22c =  -0.095716  Q22s =   0.100229

A-1        x =  0.002282  y =  0.038022  z = -1.000081 angstrom
           Maximum rank =  2   Radius =  0.650 angstrom
                   Q00  =  -0.525443
|Q1| =   0.094713  Q10  =   0.086958  Q11c =  -0.036464  Q11s =  -0.008906
|Q2| =   0.628968  Q20  =   0.609833  Q21c =   0.025363  Q21s =   0.022945
                   Q22c =   0.097187  Q22s =  -0.114412

Total multipoles referred to origin at
           x =   0.000000,  y =    0.000000,  z =    0.000000 angstrom
                   Q00  =   0.000000
|Q1| =   0.710146  Q10  =   0.009776  Q11c =  -0.026792  Q11s =  -0.709573
|Q2| =   4.191813  Q20  =  -3.910502  Q21c =  -0.744737  Q21s =  -1.227688
                   Q22c =   0.072265  Q22s =  -0.460648

CPU time used:      0m18.740s          Total:      0m18.740s

Finished at 11:33:36 on 30 Jul 2025 
