                                     G D M A
                                 by Anthony Stone

               Distributed Multipoles from Gaussian wavefunctions

                             version 2.3.3 (6b8e81e)
              Compiled with gfortran on 29 May 2025 at 12:54:22

Starting at 15:22:26 on 31 Jul 2025 


Using SCF density matrix from file B3N3C3COT-T1.fchk


                         Distributed Multipole Analysis

Standard DMA for products of primitives with exponent greater than 4.00000
Using 80-point Euler-MacLaurin radial quadrature
Using 590-point Lebedev quadrature
Becke smoothing parameter = 3

Positions and radii in angstrom
Multipole moments in atomic units, ea_0^k for rank k

C          x = -1.289462  y =  1.194435  z =  0.395836 angstrom
           Maximum rank =  2   Radius =  0.650 angstrom
                   Q00  =   0.198010
|Q1| =   0.398309  Q10  =  -0.034515  Q11c =   0.236534  Q11s =  -0.318606
|Q2| =   0.902051  Q20  =  -0.668790  Q21c =  -0.456634  Q21s =   0.298705
                   Q22c =  -0.018437  Q22s =  -0.261411

C          x = -0.117226  y =  1.723127  z = -0.310751 angstrom
           Maximum rank =  2   Radius =  0.650 angstrom
                   Q00  =   0.186078
|Q1| =   0.461840  Q10  =  -0.061194  Q11c =  -0.054781  Q11s =  -0.454478
|Q2| =   0.695864  Q20  =  -0.377567  Q21c =  -0.096470  Q21s =  -0.495931
                   Q22c =  -0.217743  Q22s =  -0.197493

H          x = -1.956640  y =  1.896343  z =  0.886475 angstrom
           Maximum rank =  2   Radius =  0.350 angstrom
                   Q00  =   0.044615
|Q1| =   0.117866  Q10  =  -0.049538  Q11c =   0.073889  Q11s =  -0.077323
|Q2| =   0.191614  Q20  =  -0.085589  Q21c =  -0.114605  Q21s =   0.102653
                   Q22c =  -0.013201  Q22s =  -0.074458

H          x = -2.859682  y = -0.050612  z =  0.163804 angstrom
           Maximum rank =  2   Radius =  0.350 angstrom
                   Q00  =   0.135280
|Q1| =   0.070162  Q10  =  -0.000705  Q11c =   0.069848  Q11s =   0.006588
|Q2| =   0.171512  Q20  =  -0.120482  Q21c =  -0.030285  Q21s =   0.023101
                   Q22c =   0.115849  Q22s =  -0.005348

H          x = -2.088217  y = -2.160966  z = -0.467159 angstrom
           Maximum rank =  2   Radius =  0.350 angstrom
                   Q00  =  -0.066202
|Q1| =   0.200146  Q10  =   0.041305  Q11c =   0.134593  Q11s =   0.142257
|Q2| =   0.198144  Q20  =  -0.149561  Q21c =   0.040854  Q21s =   0.072006
                   Q22c =  -0.005018  Q22s =   0.100068

H          x =  0.128743  y = -2.724017  z = -0.248959 angstrom
           Maximum rank =  2   Radius =  0.350 angstrom
                   Q00  =   0.128177
|Q1| =   0.077401  Q10  =   0.008129  Q11c =  -0.003777  Q11s =   0.076880
|Q2| =   0.172310  Q20  =  -0.119939  Q21c =   0.011370  Q21s =   0.038862
                   Q22c =  -0.116452  Q22s =  -0.010237

H          x =  2.227837  y = -2.086949  z =  0.341771 angstrom
           Maximum rank =  2   Radius =  0.350 angstrom
                   Q00  =  -0.069517
|Q1| =   0.202432  Q10  =  -0.029576  Q11c =  -0.140895  Q11s =   0.142311
|Q2| =   0.191303  Q20  =  -0.150948  Q21c =   0.057260  Q21s =  -0.023258
                   Q22c =  -0.006992  Q22s =  -0.099714

H          x =  2.892869  y =  0.126521  z =  0.332466 angstrom
           Maximum rank =  2   Radius =  0.350 angstrom
                   Q00  =   0.125468
|Q1| =   0.074368  Q10  =  -0.010695  Q11c =  -0.073578  Q11s =  -0.001597
|Q2| =   0.176244  Q20  =  -0.115400  Q21c =   0.051038  Q21s =  -0.008856
                   Q22c =   0.122413  Q22s =   0.008741

H          x =  2.162557  y =  2.261400  z = -0.369207 angstrom
           Maximum rank =  2   Radius =  0.350 angstrom
                   Q00  =  -0.065808
|Q1| =   0.199108  Q10  =   0.031903  Q11c =  -0.130817  Q11s =  -0.146674
|Q2| =   0.196704  Q20  =  -0.137322  Q21c =  -0.016725  Q21s =  -0.067778
                   Q22c =  -0.005244  Q22s =   0.122205

H          x = -0.355303  y =  2.525635  z = -1.018629 angstrom
           Maximum rank =  2   Radius =  0.350 angstrom
                   Q00  =   0.050546
|Q1| =   0.129675  Q10  =   0.066411  Q11c =   0.018707  Q11s =  -0.109796
|Q2| =   0.162883  Q20  =  -0.008909  Q21c =   0.028649  Q21s =  -0.149116
                   Q22c =  -0.038498  Q22s =  -0.043739

B          x = -1.287913  y = -1.310766  z = -0.211910 angstrom
           Maximum rank =  2   Radius =  0.650 angstrom
                   Q00  =   0.330168
|Q1| =   0.445512  Q10  =   0.006402  Q11c =   0.305832  Q11s =   0.323893
|Q2| =   0.544000  Q20  =  -0.478837  Q21c =   0.002001  Q21s =   0.121822
                   Q22c =   0.013170  Q22s =   0.227229

N          x = -1.850950  y = -0.035783  z =  0.080132 angstrom
           Maximum rank =  2   Radius =  0.650 angstrom
                   Q00  =  -0.048542
|Q1| =   0.223553  Q10  =   0.051261  Q11c =   0.213457  Q11s =   0.042239
|Q2| =   1.324115  Q20  =  -1.186770  Q21c =  -0.151099  Q21s =   0.430970
                   Q22c =   0.368956  Q22s =   0.012725

N          x =  0.087767  y = -1.718281  z = -0.139306 angstrom
           Maximum rank =  2   Radius =  0.650 angstrom
                   Q00  =  -0.038195
|Q1| =   0.272654  Q10  =  -0.005070  Q11c =  -0.011886  Q11s =   0.272348
|Q2| =   1.331752  Q20  =  -1.244578  Q21c =   0.260904  Q21s =   0.225392
                   Q22c =  -0.321917  Q22s =  -0.045665

B          x =  1.401627  y = -1.239054  z =  0.158005 angstrom
           Maximum rank =  2   Radius =  0.650 angstrom
                   Q00  =   0.354571
|Q1| =   0.442883  Q10  =  -0.004540  Q11c =  -0.320315  Q11s =   0.305815
|Q2| =   0.467834  Q20  =  -0.391755  Q21c =   0.089588  Q21s =   0.032429
                   Q22c =   0.017103  Q22s =  -0.236700

N          x =  1.889996  y =  0.112825  z =  0.194639 angstrom
           Maximum rank =  2   Radius =  0.650 angstrom
                   Q00  =  -0.080434
|Q1| =   0.207718  Q10  =  -0.010994  Q11c =  -0.206462  Q11s =  -0.019985
|Q2| =   1.311472  Q20  =  -1.214819  Q21c =   0.308966  Q21s =  -0.231907
                   Q22c =   0.306266  Q22s =   0.033657

B          x =  1.366339  y =  1.389010  z = -0.161961 angstrom
           Maximum rank =  2   Radius =  0.650 angstrom
                   Q00  =   0.288170
|Q1| =   0.401022  Q10  =   0.023915  Q11c =  -0.223575  Q11s =  -0.332055
|Q2| =   0.501415  Q20  =  -0.355796  Q21c =   0.059159  Q21s =  -0.135558
                   Q22c =   0.010899  Q22s =   0.320673

Ac         x =  0.025022  y =  0.014439  z =  0.000586 angstrom
           Maximum rank =  2   Radius =  0.650 angstrom
                   Q00  =  -0.582541
|Q1| =   0.024230  Q10  =   0.003242  Q11c =  -0.002010  Q11s =  -0.023928
|Q2| =   0.601787  Q20  =   0.600729  Q21c =   0.003982  Q21s =  -0.006904
                   Q22c =   0.034744  Q22s =  -0.001291

A1         x =  0.024637  y =  0.010098  z =  1.000576 angstrom
           Maximum rank =  2   Radius =  0.650 angstrom
                   Q00  =  -0.438277
|Q1| =   0.078099  Q10  =  -0.059574  Q11c =   0.023607  Q11s =  -0.044645
|Q2| =   0.622987  Q20  =   0.615975  Q21c =   0.036293  Q21s =  -0.066404
                   Q22c =  -0.022399  Q22s =   0.049592

A-1        x =  0.025407  y =  0.018780  z = -0.999405 angstrom
           Maximum rank =  2   Radius =  0.650 angstrom
                   Q00  =  -0.451570
|Q1| =   0.069295  Q10  =   0.063100  Q11c =  -0.000876  Q11s =  -0.028628
|Q2| =   0.610411  Q20  =   0.598672  Q21c =  -0.018557  Q21s =   0.055077
                   Q22c =   0.103992  Q22s =   0.001036

Total multipoles referred to origin at
           x =   0.000000,  y =    0.000000,  z =    0.000000 angstrom
                   Q00  =  -0.000004
|Q1| =   0.445864  Q10  =   0.047473  Q11c =  -0.443268  Q11s =   0.007359
|Q2| =   6.454474  Q20  =  -3.854337  Q21c =  -0.693051  Q21s =   0.460659
                   Q22c =   3.482031  Q22s =  -3.739953

CPU time used:      0m49.903s          Total:      0m49.903s

Finished at 15:23:16 on 31 Jul 2025 
