                                     G D M A
                                 by Anthony Stone

               Distributed Multipoles from Gaussian wavefunctions

                             version 2.3.3 (6b8e81e)
              Compiled with gfortran on 29 May 2025 at 12:54:22

Starting at 15:19:51 on 31 Jul 2025 


Using SCF density matrix from file B3N3C3COT-S0.fchk


                         Distributed Multipole Analysis

Standard DMA for products of primitives with exponent greater than 4.00000
Using 80-point Euler-MacLaurin radial quadrature
Using 590-point Lebedev quadrature
Becke smoothing parameter = 3

Positions and radii in angstrom
Multipole moments in atomic units, ea_0^k for rank k

C          x = -1.781427  y =  0.588299  z = -0.000124 angstrom
           Maximum rank =  2   Radius =  0.650 angstrom
                   Q00  =   0.209075
|Q1| =   0.327197  Q10  =   0.000009  Q11c =   0.265682  Q11s =  -0.190974
|Q2| =   0.985916  Q20  =  -0.951103  Q21c =   0.000111  Q21s =  -0.000402
                   Q22c =   0.247426  Q22s =  -0.078824

C          x = -0.903774  y =  1.614045  z = -0.000282 angstrom
           Maximum rank =  2   Radius =  0.650 angstrom
                   Q00  =   0.033412
|Q1| =   0.318832  Q10  =  -0.000059  Q11c =   0.102498  Q11s =  -0.301907
|Q2| =   1.236575  Q20  =  -1.202035  Q21c =   0.000336  Q21s =  -0.000402
                   Q22c =  -0.159559  Q22s =  -0.242424

H          x = -2.838132  y =  0.849527  z = -0.000333 angstrom
           Maximum rank =  2   Radius =  0.350 angstrom
                   Q00  =   0.042980
|Q1| =   0.119347  Q10  =   0.000019  Q11c =   0.115817  Q11s =  -0.028809
|Q2| =   0.177441  Q20  =  -0.147694  Q21c =   0.000053  Q21s =  -0.000057
                   Q22c =   0.085904  Q22s =  -0.047876

H          x = -2.525696  y = -1.249773  z =  0.000563 angstrom
           Maximum rank =  2   Radius =  0.350 angstrom
                   Q00  =   0.132091
|Q1| =   0.069391  Q10  =  -0.000019  Q11c =   0.059438  Q11s =   0.035807
|Q2| =   0.174333  Q20  =  -0.131943  Q21c =  -0.000075  Q21s =  -0.000054
                   Q22c =   0.074792  Q22s =   0.085959

H          x = -0.961693  y = -2.881352  z =  0.000312 angstrom
           Maximum rank =  2   Radius =  0.350 angstrom
                   Q00  =  -0.064004
|Q1| =   0.198184  Q10  =  -0.000029  Q11c =   0.064099  Q11s =   0.187532
|Q2| =   0.190531  Q20  =  -0.162664  Q21c =  -0.000062  Q21s =  -0.000043
                   Q22c =  -0.078010  Q22s =   0.061294

H          x =  1.292573  y = -2.497808  z = -0.000510 angstrom
           Maximum rank =  2   Radius =  0.350 angstrom
                   Q00  =   0.127100
|Q1| =   0.075255  Q10  =   0.000017  Q11c =  -0.033509  Q11s =   0.067383
|Q2| =   0.175135  Q20  =  -0.126866  Q21c =  -0.000043  Q21s =   0.000069
                   Q22c =  -0.075266  Q22s =  -0.094405

H          x =  2.986347  y = -0.964576  z = -0.000235 angstrom
           Maximum rank =  2   Radius =  0.350 angstrom
                   Q00  =  -0.068052
|Q1| =   0.199436  Q10  =   0.000019  Q11c =  -0.188322  Q11s =   0.065645
|Q2| =   0.189791  Q20  =  -0.158630  Q21c =  -0.000024  Q21s =   0.000050
                   Q22c =   0.081166  Q22s =  -0.065340

H          x =  2.593579  y =  1.312038  z =  0.000486 angstrom
           Maximum rank =  2   Radius =  0.350 angstrom
                   Q00  =   0.123453
|Q1| =   0.075507  Q10  =  -0.000017  Q11c =  -0.067420  Q11s =  -0.033998
|Q2| =   0.177279  Q20  =  -0.125690  Q21c =   0.000071  Q21s =   0.000047
                   Q22c =   0.072610  Q22s =   0.101772

H          x =  0.992563  y =  2.943391  z =  0.000354 angstrom
           Maximum rank =  2   Radius =  0.350 angstrom
                   Q00  =  -0.073406
|Q1| =   0.205124  Q10  =  -0.000035  Q11c =  -0.061990  Q11s =  -0.195533
|Q2| =   0.185865  Q20  =  -0.154470  Q21c =   0.000052  Q21s =   0.000055
                   Q22c =  -0.084170  Q22s =   0.060002

H          x = -1.428832  y =  2.567876  z = -0.000633 angstrom
           Maximum rank =  2   Radius =  0.350 angstrom
                   Q00  =   0.029427
|Q1| =   0.132300  Q10  =   0.000041  Q11c =   0.060440  Q11s =  -0.117688
|Q2| =   0.194324  Q20  =  -0.159730  Q21c =   0.000068  Q21s =  -0.000103
                   Q22c =  -0.058264  Q22s =  -0.094093

B          x = -0.565978  y = -1.752392  z =  0.000117 angstrom
           Maximum rank =  2   Radius =  0.650 angstrom
                   Q00  =   0.359521
|Q1| =   0.436149  Q10  =  -0.000007  Q11c =   0.129632  Q11s =   0.416439
|Q2| =   0.461498  Q20  =  -0.406976  Q21c =  -0.000177  Q21s =   0.000011
                   Q22c =  -0.166161  Q22s =   0.140507

N          x = -1.625782  y = -0.793156  z =  0.000302 angstrom
           Maximum rank =  2   Radius =  0.650 angstrom
                   Q00  =  -0.041148
|Q1| =   0.233876  Q10  =  -0.000012  Q11c =   0.183045  Q11s =   0.145577
|Q2| =   1.310263  Q20  =  -1.278148  Q21c =  -0.000398  Q21s =  -0.000401
                   Q22c =   0.192171  Q22s =   0.214937

N          x =  0.851014  y = -1.587655  z = -0.000295 angstrom
           Maximum rank =  2   Radius =  0.650 angstrom
                   Q00  =  -0.074565
|Q1| =   0.232608  Q10  =   0.000007  Q11c =  -0.111054  Q11s =   0.204386
|Q2| =   1.354704  Q20  =  -1.324684  Q21c =  -0.000354  Q21s =   0.000343
                   Q22c =  -0.168419  Q22s =  -0.228191

B          x =  1.856616  y = -0.567088  z = -0.000112 angstrom
           Maximum rank =  2   Radius =  0.650 angstrom
                   Q00  =   0.349502
|Q1| =   0.406213  Q10  =   0.000002  Q11c =  -0.386714  Q11s =   0.124346
|Q2| =   0.424158  Q20  =  -0.366393  Q21c =   0.000015  Q21s =   0.000135
                   Q22c =   0.173912  Q22s =  -0.124183

N          x =  1.692847  y =  0.851647  z =  0.000248 angstrom
           Maximum rank =  2   Radius =  0.650 angstrom
                   Q00  =  -0.093674
|Q1| =   0.206613  Q10  =   0.000016  Q11c =  -0.180248  Q11s =  -0.100993
|Q2| =   1.351834  Q20  =  -1.321025  Q21c =   0.000345  Q21s =   0.000377
                   Q22c =   0.181913  Q22s =   0.221939

B          x =  0.624151  y =  1.801633  z =  0.000126 angstrom
           Maximum rank =  2   Radius =  0.650 angstrom
                   Q00  =   0.335468
|Q1| =   0.416226  Q10  =   0.000005  Q11c =  -0.076971  Q11s =  -0.409048
|Q2| =   0.433676  Q20  =  -0.330597  Q21c =   0.000083  Q21s =  -0.000005
                   Q22c =  -0.227059  Q22s =   0.164998

Ac         x =  0.018458  y =  0.019417  z = -0.000002 angstrom
           Maximum rank =  2   Radius =  0.650 angstrom
                   Q00  =  -0.545509
|Q1| =   0.017664  Q10  =   0.000004  Q11c =   0.000502  Q11s =  -0.017657
|Q2| =   0.593476  Q20  =   0.592828  Q21c =   0.000002  Q21s =   0.000003
                   Q22c =   0.017164  Q22s =   0.021790

A1         x =  0.018461  y =  0.019417  z =  0.999997 angstrom
           Maximum rank =  2   Radius =  0.650 angstrom
                   Q00  =  -0.390821
|Q1| =   0.042616  Q10  =  -0.033098  Q11c =   0.010149  Q11s =  -0.024853
|Q2| =   0.631028  Q20  =   0.627127  Q21c =   0.013352  Q21s =  -0.030106
                   Q22c =   0.022629  Q22s =   0.057541

A-1        x =  0.018455  y =  0.019416  z = -1.000002 angstrom
           Maximum rank =  2   Radius =  0.650 angstrom
                   Q00  =  -0.390851
|Q1| =   0.042642  Q10  =   0.033114  Q11c =   0.010159  Q11s =  -0.024872
|Q2| =   0.631062  Q20  =   0.627129  Q21c =  -0.013373  Q21s =   0.030143
                   Q22c =   0.022812  Q22s =   0.057796

Total multipoles referred to origin at
           x =   0.000000,  y =    0.000000,  z =    0.000000 angstrom
                   Q00  =  -0.000001
|Q1| =   0.664183  Q10  =   0.000045  Q11c =  -0.398053  Q11s =  -0.531689
|Q2| =   7.295458  Q20  =  -4.518934  Q21c =   0.000055  Q21s =  -0.000055
                   Q22c =   5.663290  Q22s =   0.854459

CPU time used:      0m49.232s          Total:      0m49.232s

Finished at 15:20:40 on 31 Jul 2025 
