                                     G D M A
                                 by Anthony Stone

               Distributed Multipoles from Gaussian wavefunctions

                             version 2.3.3 (6b8e81e)
              Compiled with gfortran on 29 May 2025 at 12:54:22

Starting at 10:59:22 on 30 Jul 2025 


Using SCF density matrix from file 1-3-BNC6COT-T1.fchk


                         Distributed Multipole Analysis

Standard DMA for products of primitives with exponent greater than 4.00000
Using 80-point Euler-MacLaurin radial quadrature
Using 590-point Lebedev quadrature
Becke smoothing parameter = 3

Positions and radii in angstrom
Multipole moments in atomic units, ea_0^k for rank k

C          x =  1.329432  y =  1.255202  z =  0.000000 angstrom
           Maximum rank =  2   Radius =  0.650 angstrom
                   Q00  =   0.151967
|Q1| =   0.329402  Q11c =  -0.237834  Q11s =  -0.227905
|Q2| =   1.041912  Q20  =  -1.001531  Q22c =  -0.017731  Q22s =   0.286710

C          x = -1.349812  y = -1.294148  z =  0.000000 angstrom
           Maximum rank =  2   Radius =  0.650 angstrom
                   Q00  =   0.151035
|Q1| =   0.354586  Q11c =   0.115502  Q11s =   0.335247
|Q2| =   1.055699  Q20  =  -1.010416  Q22c =   0.092438  Q22s =   0.291572

C          x =  0.000000  y =  1.742904  z =  0.000000 angstrom
           Maximum rank =  2   Radius =  0.650 angstrom
                   Q00  =   0.135186
|Q1| =   0.353980  Q11c =   0.001659  Q11s =  -0.353976
|Q2| =   1.138861  Q20  =  -1.105098  Q22c =  -0.274802  Q22s =  -0.015654

C          x = -1.280104  y =  1.242909  z =  0.000000 angstrom
           Maximum rank =  2   Radius =  0.650 angstrom
                   Q00  =   0.197112
|Q1| =   0.351591  Q11c =   0.178351  Q11s =  -0.302997
|Q2| =   1.057408  Q20  =  -1.027481  Q22c =   0.051785  Q22s =  -0.244363

H          x = -0.010295  y = -3.106994  z =  0.000000 angstrom
           Maximum rank =  2   Radius =  0.350 angstrom
                   Q00  =  -0.076995
|Q1| =   0.210991  Q11c =   0.007849  Q11s =   0.210845
|Q2| =   0.200148  Q20  =  -0.167841  Q22c =  -0.108936  Q22s =   0.004609

H          x =  2.048726  y =  2.070053  z =  0.000000 angstrom
           Maximum rank =  2   Radius =  0.350 angstrom
                   Q00  =   0.037080
|Q1| =   0.123727  Q11c =  -0.082628  Q11s =  -0.092092
|Q2| =   0.185838  Q20  =  -0.154278  Q22c =  -0.013079  Q22s =   0.102777

H          x = -0.031182  y =  2.829006  z =  0.000000 angstrom
           Maximum rank =  2   Radius =  0.350 angstrom
                   Q00  =   0.041944
|Q1| =   0.123433  Q11c =   0.004135  Q11s =  -0.123363
|Q2| =   0.188818  Q20  =  -0.160276  Q22c =  -0.099791  Q22s =  -0.002423

H          x = -2.061923  y =  1.994044  z =  0.000000 angstrom
           Maximum rank =  2   Radius =  0.350 angstrom
                   Q00  =   0.048935
|Q1| =   0.114010  Q11c =   0.082950  Q11s =  -0.078216
|Q2| =   0.187681  Q20  =  -0.159140  Q22c =   0.002041  Q22s =  -0.099471

H          x = -2.847503  y =  0.031555  z =  0.000000 angstrom
           Maximum rank =  2   Radius =  0.350 angstrom
                   Q00  =   0.148108
|Q1| =   0.059228  Q11c =   0.059106  Q11s =  -0.003806
|Q2| =   0.165469  Q20  =  -0.128506  Q22c =   0.104058  Q22s =  -0.006177

H          x = -2.183336  y = -1.992484  z =  0.000000 angstrom
           Maximum rank =  2   Radius =  0.350 angstrom
                   Q00  =   0.038096
|Q1| =   0.120557  Q11c =   0.088890  Q11s =   0.081442
|Q2| =   0.189579  Q20  =  -0.154698  Q22c =   0.021481  Q22s =   0.107457

C          x =  1.441048  y = -1.301341  z =  0.000000 angstrom
           Maximum rank =  2   Radius =  0.650 angstrom
                   Q00  =   0.081880
|Q1| =   0.293072  Q11c =  -0.162877  Q11s =   0.243644
|Q2| =   1.079284  Q20  =  -1.029263  Q22c =   0.030565  Q22s =  -0.323322

H          x =  2.234715  y = -2.048532  z =  0.000000 angstrom
           Maximum rank =  2   Radius =  0.350 angstrom
                   Q00  =   0.027302
|Q1| =   0.130509  Q11c =  -0.092730  Q11s =   0.091837
|Q2| =   0.187322  Q20  =  -0.147651  Q22c =   0.008033  Q22s =  -0.114996

C          x =  1.942674  y = -0.009546  z =  0.000000 angstrom
           Maximum rank =  2   Radius =  0.650 angstrom
                   Q00  =   0.111194
|Q1| =   0.289553  Q11c =  -0.289272  Q11s =   0.012755
|Q2| =   1.076607  Q20  =  -1.041701  Q22c =   0.268198  Q22s =   0.044847

H          x =  3.029150  y =  0.066551  z =  0.000000 angstrom
           Maximum rank =  2   Radius =  0.350 angstrom
                   Q00  =   0.032023
|Q1| =   0.127153  Q11c =  -0.126842  Q11s =  -0.008889
|Q2| =   0.185427  Q20  =  -0.152122  Q22c =   0.105426  Q22s =   0.011291

B          x =  0.038621  y = -1.908626  z =  0.000000 angstrom
           Maximum rank =  2   Radius =  0.650 angstrom
                   Q00  =   0.232539
|Q1| =   0.420997  Q11c =  -0.005986  Q11s =   0.420955
|Q2| =   0.652964  Q20  =  -0.567718  Q22c =  -0.321906  Q22s =   0.020864

N          x = -1.838697  y = -0.016564  z =  0.000000 angstrom
           Maximum rank =  2   Radius =  0.650 angstrom
                   Q00  =   0.032616
|Q1| =   0.218197  Q11c =   0.217810  Q11s =   0.012990
|Q2| =   1.184074  Q20  =  -1.147642  Q22c =   0.289675  Q22s =  -0.032233

Ac         x =  0.035395  y = -0.036151  z =  0.000000 angstrom
           Maximum rank =  2   Radius =  0.650 angstrom
                   Q00  =  -0.561905
|Q1| =   0.023736  Q11c =  -0.020206  Q11s =   0.012454
|Q2| =   0.604608  Q20  =   0.604059  Q22c =   0.025642  Q22s =  -0.002358

A1         x =  0.035395  y = -0.036151  z =  1.000000 angstrom
           Maximum rank =  2   Radius =  0.650 angstrom
                   Q00  =  -0.414059
|Q1| =   0.057427  Q10  =  -0.048662  Q11c =  -0.030237  Q11s =   0.003955
|Q2| =   0.654527  Q20  =   0.650677  Q21c =  -0.031495  Q21s =   0.013620
                   Q22c =   0.061967  Q22s =   0.002848

A-1        x =  0.035395  y = -0.036151  z = -1.000000 angstrom
           Maximum rank =  2   Radius =  0.650 angstrom
                   Q00  =  -0.414059
|Q1| =   0.057427  Q10  =   0.048662  Q11c =  -0.030237  Q11s =   0.003955
|Q2| =   0.654527  Q20  =   0.650677  Q21c =   0.031495  Q21s =  -0.013620
                   Q22c =   0.061967  Q22s =   0.002848

Total multipoles referred to origin at
           x =   0.000000,  y =    0.000000,  z =    0.000000 angstrom
                   Q00  =  -0.000001
|Q1| =   1.433236  Q11c =  -1.064683  Q11s =   0.959487
|Q2| =  11.219176  Q20  =  -6.936443  Q22c =   8.817655  Q22s =   0.068125

CPU time used:      0m17.278s          Total:      0m17.278s

Finished at 10:59:39 on 30 Jul 2025 
