                                     G D M A
                                 by Anthony Stone

               Distributed Multipoles from Gaussian wavefunctions

                             version 2.3.3 (6b8e81e)
              Compiled with gfortran on 29 May 2025 at 12:54:22

Starting at 10:58:26 on 30 Jul 2025 


Using SCF density matrix from file 1-3-BNC6COT-S0.fchk


                         Distributed Multipole Analysis

Standard DMA for products of primitives with exponent greater than 4.00000
Using 80-point Euler-MacLaurin radial quadrature
Using 590-point Lebedev quadrature
Becke smoothing parameter = 3

Positions and radii in angstrom
Multipole moments in atomic units, ea_0^k for rank k

C          x = -1.312666  y = -1.089221  z =  0.404370 angstrom
           Maximum rank =  2   Radius =  0.650 angstrom
                   Q00  =   0.218461
|Q1| =   0.437164  Q10  =   0.058764  Q11c =   0.300624  Q11s =   0.311904
|Q2| =   0.814195  Q20  =  -0.499140  Q21c =  -0.227348  Q21s =  -0.500327
                   Q22c =   0.232101  Q22s =   0.240599

C          x =  1.370295  y =  1.144411  z =  0.322624 angstrom
           Maximum rank =  2   Radius =  0.650 angstrom
                   Q00  =   0.073835
|Q1| =   0.420438  Q10  =  -0.037862  Q11c =  -0.190393  Q11s =  -0.372941
|Q2| =   1.314815  Q20  =  -1.028485  Q21c =   0.032042  Q21s =   0.689900
                   Q22c =   0.323854  Q22s =   0.298473

C          x = -0.103052  y = -1.659071  z =  0.321499 angstrom
           Maximum rank =  2   Radius =  0.650 angstrom
                   Q00  =   0.175321
|Q1| =   0.451475  Q10  =   0.060880  Q11c =   0.077196  Q11s =   0.440640
|Q2| =   0.966318  Q20  =  -0.638711  Q21c =  -0.375336  Q21s =  -0.494003
                   Q22c =  -0.285173  Q22s =  -0.244085

C          x =  1.092212  y = -1.221716  z = -0.383534 angstrom
           Maximum rank =  2   Radius =  0.650 angstrom
                   Q00  =   0.252939
|Q1| =   0.446631  Q10  =  -0.023342  Q11c =  -0.254697  Q11s =   0.366148
|Q2| =   0.854728  Q20  =  -0.606545  Q21c =  -0.487522  Q21s =   0.224696
                   Q22c =  -0.146900  Q22s =  -0.230036

H          x = -0.030146  y =  2.824801  z =  0.988635 angstrom
           Maximum rank =  2   Radius =  0.350 angstrom
                   Q00  =  -0.066432
|Q1| =   0.208626  Q10  =  -0.089752  Q11c =   0.008409  Q11s =  -0.188146
|Q2| =   0.187944  Q20  =  -0.064021  Q21c =   0.015583  Q21s =   0.151304
                   Q22c =  -0.085878  Q22s =  -0.026707

H          x = -2.053016  y = -1.610595  z =  1.010521 angstrom
           Maximum rank =  2   Radius =  0.350 angstrom
                   Q00  =   0.052890
|Q1| =   0.121533  Q10  =  -0.055361  Q11c =   0.085298  Q11s =   0.066555
|Q2| =   0.169777  Q20  =  -0.037573  Q21c =  -0.105748  Q21s =  -0.104517
                   Q22c =   0.041677  Q22s =   0.059741

H          x =  0.039992  y = -2.613449  z =  0.829574 angstrom
           Maximum rank =  2   Radius =  0.350 angstrom
                   Q00  =   0.052081
|Q1| =   0.124241  Q10  =  -0.045586  Q11c =  -0.011373  Q11s =   0.115015
|Q2| =   0.176923  Q20  =  -0.066847  Q21c =  -0.024653  Q21s =  -0.137341
                   Q22c =  -0.074603  Q22s =  -0.042396

H          x =  1.676412  y = -1.979902  z = -0.893595 angstrom
           Maximum rank =  2   Radius =  0.350 angstrom
                   Q00  =   0.057014
|Q1| =   0.112600  Q10  =   0.048446  Q11c =  -0.064394  Q11s =   0.078646
|Q2| =   0.181901  Q20  =  -0.078355  Q21c =  -0.106779  Q21s =   0.098899
                   Q22c =  -0.034912  Q22s =  -0.067430

H          x =  2.645957  y = -0.077741  z = -0.660197 angstrom
           Maximum rank =  2   Radius =  0.350 angstrom
                   Q00  =   0.160820
|Q1| =   0.062373  Q10  =   0.018517  Q11c =  -0.059310  Q11s =   0.005458
|Q2| =   0.148215  Q20  =  -0.071059  Q21c =  -0.095433  Q21s =   0.022727
                   Q22c =   0.084981  Q22s =   0.008514

H          x =  2.269485  y =  1.694439  z =  0.585116 angstrom
           Maximum rank =  2   Radius =  0.350 angstrom
                   Q00  =   0.029039
|Q1| =   0.128394  Q10  =  -0.030918  Q11c =  -0.104296  Q11s =  -0.068202
|Q2| =   0.206359  Q20  =  -0.127374  Q21c =   0.039520  Q21s =   0.102674
                   Q22c =   0.063114  Q22s =   0.101355

C          x = -1.254252  y =  1.296477  z = -0.353506 angstrom
           Maximum rank =  2   Radius =  0.650 angstrom
                   Q00  =   0.126879
|Q1| =   0.417733  Q10  =  -0.104386  Q11c =   0.258884  Q11s =  -0.310778
|Q2| =   0.905562  Q20  =  -0.593307  Q21c =   0.525809  Q21s =  -0.290434
                   Q22c =  -0.192024  Q22s =  -0.265197

H          x = -1.776528  y =  2.057156  z = -0.937484 angstrom
           Maximum rank =  2   Radius =  0.350 angstrom
                   Q00  =   0.038325
|Q1| =   0.131470  Q10  =   0.057840  Q11c =   0.069516  Q11s =  -0.095427
|Q2| =   0.171804  Q20  =  -0.043720  Q21c =   0.099534  Q21s =  -0.106231
                   Q22c =  -0.044253  Q22s =  -0.066744

C          x = -1.812917  y =  0.084164  z = -0.342841 angstrom
           Maximum rank =  2   Radius =  0.650 angstrom
                   Q00  =   0.139345
|Q1| =   0.397591  Q10  =  -0.032943  Q11c =   0.390185  Q11s =  -0.068917
|Q2| =   0.961056  Q20  =  -0.631773  Q21c =   0.548035  Q21s =  -0.296344
                   Q22c =   0.254341  Q22s =   0.267656

H          x = -2.749994  y = -0.097391  z = -0.871432 angstrom
           Maximum rank =  2   Radius =  0.350 angstrom
                   Q00  =   0.040794
|Q1| =   0.127940  Q10  =   0.050509  Q11c =   0.116325  Q11s =   0.016913
|Q2| =   0.178864  Q20  =  -0.058754  Q21c =   0.145131  Q21s =  -0.014664
                   Q22c =   0.071264  Q22s =   0.046727

B          x =  0.033103  y =  1.774215  z =  0.413039 angstrom
           Maximum rank =  2   Radius =  0.650 angstrom
                   Q00  =   0.288695
|Q1| =   0.486351  Q10  =   0.000244  Q11c =  -0.052472  Q11s =  -0.483512
|Q2| =   0.572657  Q20  =  -0.355794  Q21c =   0.104380  Q21s =   0.179581
                   Q22c =  -0.397208  Q22s =  -0.020688

N          x =  1.704943  y = -0.056952  z = -0.275430 angstrom
           Maximum rank =  2   Radius =  0.650 angstrom
                   Q00  =   0.133550
|Q1| =   0.297410  Q10  =  -0.051972  Q11c =  -0.292787  Q11s =   0.005247
|Q2| =   1.029466  Q20  =  -0.738305  Q21c =  -0.460346  Q21s =   0.415290
                   Q22c =   0.341257  Q22s =   0.117751

Ac         x = -0.035292  y =  0.034038  z =  0.013278 angstrom
           Maximum rank =  2   Radius =  0.650 angstrom
                   Q00  =  -0.654809
|Q1| =   0.025974  Q10  =   0.000856  Q11c =   0.024880  Q11s =  -0.007412
|Q2| =   0.609420  Q20  =   0.609116  Q21c =  -0.010066  Q21s =   0.001769
                   Q22c =   0.016039  Q22s =  -0.003037

A1         x = -0.041494  y =  0.022541  z =  1.013192 angstrom
           Maximum rank =  2   Radius =  0.650 angstrom
                   Q00  =  -0.572275
|Q1| =   0.135571  Q10  =  -0.133130  Q11c =  -0.005567  Q11s =   0.024999
|Q2| =   0.577620  Q20  =   0.554796  Q21c =  -0.029859  Q21s =  -0.029815
                   Q22c =   0.031469  Q22s =  -0.151907

A-1        x = -0.029089  y =  0.045535  z = -0.986637 angstrom
           Maximum rank =  2   Radius =  0.650 angstrom
                   Q00  =  -0.546468
|Q1| =   0.104838  Q10  =   0.097036  Q11c =   0.038607  Q11s =  -0.009193
|Q2| =   0.627438  Q20  =   0.619751  Q21c =  -0.067396  Q21s =  -0.030322
                   Q22c =  -0.022589  Q22s =   0.060127

Total multipoles referred to origin at
           x =   0.000000,  y =    0.000000,  z =    0.000000 angstrom
                   Q00  =   0.000003
|Q1| =   1.552716  Q10  =  -0.530839  Q11c =   0.831797  Q11s =  -1.198854
|Q2| =   9.791755  Q20  =  -4.699711  Q21c =  -3.438457  Q21s =  -2.923952
                   Q22c =   7.176521  Q22s =  -1.384284

CPU time used:      0m17.950s          Total:      0m17.950s

Finished at 10:58:44 on 30 Jul 2025 
