                                     G D M A
                                 by Anthony Stone

               Distributed Multipoles from Gaussian wavefunctions

                             version 2.3.3 (6b8e81e)
              Compiled with gfortran on 29 May 2025 at 12:54:22

Starting at 10:18:34 on 30 Jul 2025 


Using SCF density matrix from file B4N4COT-B-T1.fchk


                         Distributed Multipole Analysis

Standard DMA for products of primitives with exponent greater than 4.00000
Using 80-point Euler-MacLaurin radial quadrature
Using 590-point Lebedev quadrature
Becke smoothing parameter = 3

Positions and radii in angstrom
Multipole moments in atomic units, ea_0^k for rank k

H          x =  1.033772  y =  2.820022  z =  0.000000 angstrom
           Maximum rank =  2   Radius =  0.350 angstrom
                   Q00  =   0.133570
|Q1| =   0.065911  Q11c =  -0.031601  Q11s =  -0.057842
|Q2| =   0.177008  Q20  =  -0.137066  Q22c =  -0.089571  Q22s =   0.067243

H          x = -1.033772  y =  2.820022  z =  0.000000 angstrom
           Maximum rank =  2   Radius =  0.350 angstrom
                   Q00  =   0.133570
|Q1| =   0.065911  Q11c =   0.031601  Q11s =  -0.057842
|Q2| =   0.177008  Q20  =  -0.137066  Q22c =  -0.089571  Q22s =  -0.067243

H          x = -2.745116  y =  1.347919  z =  0.000000 angstrom
           Maximum rank =  2   Radius =  0.350 angstrom
                   Q00  =  -0.069198
|Q1| =   0.204887  Q11c =   0.188703  Q11s =  -0.079812
|Q2| =   0.193848  Q20  =  -0.163886  Q22c =   0.060388  Q22s =  -0.084095

H          x = -2.745116  y = -1.347919  z =  0.000000 angstrom
           Maximum rank =  2   Radius =  0.350 angstrom
                   Q00  =  -0.069198
|Q1| =   0.204887  Q11c =   0.188703  Q11s =   0.079812
|Q2| =   0.193848  Q20  =  -0.163886  Q22c =   0.060388  Q22s =   0.084095

H          x =  1.033772  y = -2.820022  z =  0.000000 angstrom
           Maximum rank =  2   Radius =  0.350 angstrom
                   Q00  =   0.133570
|Q1| =   0.065911  Q11c =  -0.031601  Q11s =   0.057842
|Q2| =   0.177008  Q20  =  -0.137066  Q22c =  -0.089571  Q22s =  -0.067243

H          x = -1.033772  y = -2.820022  z =  0.000000 angstrom
           Maximum rank =  2   Radius =  0.350 angstrom
                   Q00  =   0.133570
|Q1| =   0.065911  Q11c =   0.031601  Q11s =   0.057842
|Q2| =   0.177008  Q20  =  -0.137066  Q22c =  -0.089571  Q22s =   0.067243

H          x =  2.745116  y = -1.347919  z =  0.000000 angstrom
           Maximum rank =  2   Radius =  0.350 angstrom
                   Q00  =  -0.069198
|Q1| =   0.204887  Q11c =  -0.188703  Q11s =   0.079812
|Q2| =   0.193848  Q20  =  -0.163886  Q22c =   0.060388  Q22s =  -0.084095

H          x =  2.745116  y =  1.347919  z =  0.000000 angstrom
           Maximum rank =  2   Radius =  0.350 angstrom
                   Q00  =  -0.069198
|Q1| =   0.204887  Q11c =  -0.188703  Q11s =  -0.079812
|Q2| =   0.193848  Q20  =  -0.163886  Q22c =   0.060388  Q22s =   0.084095

N          x =  0.670589  y = -1.875365  z =  0.000000 angstrom
           Maximum rank =  2   Radius =  0.650 angstrom
                   Q00  =  -0.032673
|Q1| =   0.258630  Q11c =  -0.238981  Q11s =   0.098882
|Q2| =   1.338839  Q20  =  -1.307664  Q22c =  -0.259953  Q22s =  -0.122188

N          x = -0.670589  y = -1.875365  z =  0.000000 angstrom
           Maximum rank =  2   Radius =  0.650 angstrom
                   Q00  =  -0.032673
|Q1| =   0.258630  Q11c =   0.238981  Q11s =   0.098882
|Q2| =   1.338839  Q20  =  -1.307664  Q22c =  -0.259953  Q22s =   0.122188

N          x = -0.670589  y =  1.875365  z =  0.000000 angstrom
           Maximum rank =  2   Radius =  0.650 angstrom
                   Q00  =  -0.032673
|Q1| =   0.258630  Q11c =   0.238981  Q11s =  -0.098882
|Q2| =   1.338839  Q20  =  -1.307664  Q22c =  -0.259953  Q22s =  -0.122188

N          x =  0.670589  y =  1.875365  z =  0.000000 angstrom
           Maximum rank =  2   Radius =  0.650 angstrom
                   Q00  =  -0.032673
|Q1| =   0.258630  Q11c =  -0.238981  Q11s =  -0.098882
|Q2| =   1.338839  Q20  =  -1.307664  Q22c =  -0.259953  Q22s =   0.122188

B          x =  1.670190  y =  0.815153  z =  0.000000 angstrom
           Maximum rank =  2   Radius =  0.650 angstrom
                   Q00  =   0.285959
|Q1| =   0.429058  Q11c =  -0.417294  Q11s =  -0.099783
|Q2| =   0.552247  Q20  =  -0.452520  Q22c =   0.156007  Q22s =   0.275434

B          x =  1.670190  y = -0.815153  z =  0.000000 angstrom
           Maximum rank =  2   Radius =  0.650 angstrom
                   Q00  =   0.285959
|Q1| =   0.429058  Q11c =  -0.417294  Q11s =   0.099783
|Q2| =   0.552247  Q20  =  -0.452520  Q22c =   0.156007  Q22s =  -0.275434

B          x = -1.670190  y =  0.815153  z =  0.000000 angstrom
           Maximum rank =  2   Radius =  0.650 angstrom
                   Q00  =   0.285959
|Q1| =   0.429058  Q11c =   0.417294  Q11s =  -0.099783
|Q2| =   0.552247  Q20  =  -0.452520  Q22c =   0.156007  Q22s =  -0.275434

B          x = -1.670190  y = -0.815153  z =  0.000000 angstrom
           Maximum rank =  2   Radius =  0.650 angstrom
                   Q00  =   0.285959
|Q1| =   0.429058  Q11c =   0.417294  Q11s =   0.099783
|Q2| =   0.552247  Q20  =  -0.452520  Q22c =   0.156007  Q22s =   0.275434

Ac         x =  0.000000  y =  0.000000  z =  0.000000 angstrom
           Maximum rank =  2   Radius =  0.650 angstrom
                   Q00  =  -0.532787
|Q1| =   0.000000
|Q2| =   0.603418  Q20  =   0.596542  Q22c =  -0.090836

A1         x =  0.000000  y =  0.000000  z =  1.000000 angstrom
           Maximum rank =  2   Radius =  0.650 angstrom
                   Q00  =  -0.368923
|Q1| =   0.029277  Q10  =  -0.029277
|Q2| =   0.603251  Q20  =   0.599297  Q22c =  -0.068961

A-1        x =  0.000000  y =  0.000000  z = -1.000000 angstrom
           Maximum rank =  2   Radius =  0.650 angstrom
                   Q00  =  -0.368923
|Q1| =   0.029277  Q10  =   0.029277
|Q2| =   0.603251  Q20  =   0.599297  Q22c =  -0.068961

Total multipoles referred to origin at
           x =   0.000000,  y =    0.000000,  z =    0.000000 angstrom
                   Q00  =  -0.000002
|Q1| =   0.000000
|Q2| =  20.226633  Q20  =  -4.713197  Q22c = -19.669837

CPU time used:      0m18.488s          Total:      0m18.488s

Finished at 10:18:52 on 30 Jul 2025 
